The system is: Linux - 5.15.0-101-generic - x86_64
Compiling the C compiler identification source file "CMakeCCompilerId.c" succeeded.
Compiler: /usr/bin/cc 
Build flags: 
Id flags:  

The output was:
0


Compilation of the C compiler identification source "CMakeCCompilerId.c" produced "a.out"

The C compiler identification is GNU, found in "/root/FunASR/runtime/websocket/build/CMakeFiles/3.22.1/CompilerIdC/a.out"

Compiling the CXX compiler identification source file "CMakeCXXCompilerId.cpp" succeeded.
Compiler: /usr/bin/c++ 
Build flags: 
Id flags:  

The output was:
0


Compilation of the CXX compiler identification source "CMakeCXXCompilerId.cpp" produced "a.out"

The CXX compiler identification is GNU, found in "/root/FunASR/runtime/websocket/build/CMakeFiles/3.22.1/CompilerIdCXX/a.out"

Detecting C compiler ABI info compiled with the following output:
Change Dir: /root/FunASR/runtime/websocket/build/CMakeFiles/CMakeTmp

Run Build Command(s):/usr/bin/gmake -f Makefile cmTC_417f7/fast && /usr/bin/gmake  -f CMakeFiles/cmTC_417f7.dir/build.make CMakeFiles/cmTC_417f7.dir/build
gmake[1]: Entering directory '/root/FunASR/runtime/websocket/build/CMakeFiles/CMakeTmp'
Building C object CMakeFiles/cmTC_417f7.dir/CMakeCCompilerABI.c.o
/usr/bin/cc   -v -o CMakeFiles/cmTC_417f7.dir/CMakeCCompilerABI.c.o -c /usr/share/cmake-3.22/Modules/CMakeCCompilerABI.c
Using built-in specs.
COLLECT_GCC=/usr/bin/cc
OFFLOAD_TARGET_NAMES=nvptx-none:amdgcn-amdhsa
OFFLOAD_TARGET_DEFAULT=1
Target: x86_64-linux-gnu
Configured with: ../src/configure -v --with-pkgversion='Ubuntu 11.4.0-1ubuntu1~22.04' --with-bugurl=file:///usr/share/doc/gcc-11/README.Bugs --enable-languages=c,ada,c++,go,brig,d,fortran,objc,obj-c++,m2 --prefix=/usr --with-gcc-major-version-only --program-suffix=-11 --program-prefix=x86_64-linux-gnu- --enable-shared --enable-linker-build-id --libexecdir=/usr/lib --without-included-gettext --enable-threads=posix --libdir=/usr/lib --enable-nls --enable-bootstrap --enable-clocale=gnu --enable-libstdcxx-debug --enable-libstdcxx-time=yes --with-default-libstdcxx-abi=new --enable-gnu-unique-object --disable-vtable-verify --enable-plugin --enable-default-pie --with-system-zlib --enable-libphobos-checking=release --with-target-system-zlib=auto --enable-objc-gc=auto --enable-multiarch --disable-werror --enable-cet --with-arch-32=i686 --with-abi=m64 --with-multilib-list=m32,m64,mx32 --enable-multilib --with-tune=generic --enable-offload-targets=nvptx-none=/build/gcc-11-XeT9lY/gcc-11-11.4.0/debian/tmp-nvptx/usr,amdgcn-amdhsa=/build/gcc-11-XeT9lY/gcc-11-11.4.0/debian/tmp-gcn/usr --without-cuda-driver --enable-checking=release --build=x86_64-linux-gnu --host=x86_64-linux-gnu --target=x86_64-linux-gnu --with-build-config=bootstrap-lto-lean --enable-link-serialization=2
Thread model: posix
Supported LTO compression algorithms: zlib zstd
gcc version 11.4.0 (Ubuntu 11.4.0-1ubuntu1~22.04) 
COLLECT_GCC_OPTIONS='-v' '-o' 'CMakeFiles/cmTC_417f7.dir/CMakeCCompilerABI.c.o' '-c' '-mtune=generic' '-march=x86-64' '-dumpdir' 'CMakeFiles/cmTC_417f7.dir/'
 /usr/lib/gcc/x86_64-linux-gnu/11/cc1 -quiet -v -imultiarch x86_64-linux-gnu /usr/share/cmake-3.22/Modules/CMakeCCompilerABI.c -quiet -dumpdir CMakeFiles/cmTC_417f7.dir/ -dumpbase CMakeCCompilerABI.c.c -dumpbase-ext .c -mtune=generic -march=x86-64 -version -fasynchronous-unwind-tables -fstack-protector-strong -Wformat -Wformat-security -fstack-clash-protection -fcf-protection -o /tmp/cc3S8p0R.s
GNU C17 (Ubuntu 11.4.0-1ubuntu1~22.04) version 11.4.0 (x86_64-linux-gnu)
	compiled by GNU C version 11.4.0, GMP version 6.2.1, MPFR version 4.1.0, MPC version 1.2.1, isl version isl-0.24-GMP

GGC heuristics: --param ggc-min-expand=100 --param ggc-min-heapsize=131072
ignoring nonexistent directory "/usr/local/include/x86_64-linux-gnu"
ignoring nonexistent directory "/usr/lib/gcc/x86_64-linux-gnu/11/include-fixed"
ignoring nonexistent directory "/usr/lib/gcc/x86_64-linux-gnu/11/../../../../x86_64-linux-gnu/include"
#include "..." search starts here:
#include <...> search starts here:
 /usr/lib/gcc/x86_64-linux-gnu/11/include
 /usr/local/include
 /usr/include/x86_64-linux-gnu
 /usr/include
End of search list.
GNU C17 (Ubuntu 11.4.0-1ubuntu1~22.04) version 11.4.0 (x86_64-linux-gnu)
	compiled by GNU C version 11.4.0, GMP version 6.2.1, MPFR version 4.1.0, MPC version 1.2.1, isl version isl-0.24-GMP

GGC heuristics: --param ggc-min-expand=100 --param ggc-min-heapsize=131072
Compiler executable checksum: 50eaa2331df977b8016186198deb2d18
COLLECT_GCC_OPTIONS='-v' '-o' 'CMakeFiles/cmTC_417f7.dir/CMakeCCompilerABI.c.o' '-c' '-mtune=generic' '-march=x86-64' '-dumpdir' 'CMakeFiles/cmTC_417f7.dir/'
 as -v --64 -o CMakeFiles/cmTC_417f7.dir/CMakeCCompilerABI.c.o /tmp/cc3S8p0R.s
GNU assembler version 2.38 (x86_64-linux-gnu) using BFD version (GNU Binutils for Ubuntu) 2.38
COMPILER_PATH=/usr/lib/gcc/x86_64-linux-gnu/11/:/usr/lib/gcc/x86_64-linux-gnu/11/:/usr/lib/gcc/x86_64-linux-gnu/:/usr/lib/gcc/x86_64-linux-gnu/11/:/usr/lib/gcc/x86_64-linux-gnu/
LIBRARY_PATH=/usr/lib/gcc/x86_64-linux-gnu/11/:/usr/lib/gcc/x86_64-linux-gnu/11/../../../x86_64-linux-gnu/:/usr/lib/gcc/x86_64-linux-gnu/11/../../../../lib/:/lib/x86_64-linux-gnu/:/lib/../lib/:/usr/lib/x86_64-linux-gnu/:/usr/lib/../lib/:/usr/lib/gcc/x86_64-linux-gnu/11/../../../:/lib/:/usr/lib/
COLLECT_GCC_OPTIONS='-v' '-o' 'CMakeFiles/cmTC_417f7.dir/CMakeCCompilerABI.c.o' '-c' '-mtune=generic' '-march=x86-64' '-dumpdir' 'CMakeFiles/cmTC_417f7.dir/CMakeCCompilerABI.c.'
Linking C executable cmTC_417f7
/usr/bin/cmake -E cmake_link_script CMakeFiles/cmTC_417f7.dir/link.txt --verbose=1
/usr/bin/cc  -v CMakeFiles/cmTC_417f7.dir/CMakeCCompilerABI.c.o -o cmTC_417f7 
Using built-in specs.
COLLECT_GCC=/usr/bin/cc
COLLECT_LTO_WRAPPER=/usr/lib/gcc/x86_64-linux-gnu/11/lto-wrapper
OFFLOAD_TARGET_NAMES=nvptx-none:amdgcn-amdhsa
OFFLOAD_TARGET_DEFAULT=1
Target: x86_64-linux-gnu
Configured with: ../src/configure -v --with-pkgversion='Ubuntu 11.4.0-1ubuntu1~22.04' --with-bugurl=file:///usr/share/doc/gcc-11/README.Bugs --enable-languages=c,ada,c++,go,brig,d,fortran,objc,obj-c++,m2 --prefix=/usr --with-gcc-major-version-only --program-suffix=-11 --program-prefix=x86_64-linux-gnu- --enable-shared --enable-linker-build-id --libexecdir=/usr/lib --without-included-gettext --enable-threads=posix --libdir=/usr/lib --enable-nls --enable-bootstrap --enable-clocale=gnu --enable-libstdcxx-debug --enable-libstdcxx-time=yes --with-default-libstdcxx-abi=new --enable-gnu-unique-object --disable-vtable-verify --enable-plugin --enable-default-pie --with-system-zlib --enable-libphobos-checking=release --with-target-system-zlib=auto --enable-objc-gc=auto --enable-multiarch --disable-werror --enable-cet --with-arch-32=i686 --with-abi=m64 --with-multilib-list=m32,m64,mx32 --enable-multilib --with-tune=generic --enable-offload-targets=nvptx-none=/build/gcc-11-XeT9lY/gcc-11-11.4.0/debian/tmp-nvptx/usr,amdgcn-amdhsa=/build/gcc-11-XeT9lY/gcc-11-11.4.0/debian/tmp-gcn/usr --without-cuda-driver --enable-checking=release --build=x86_64-linux-gnu --host=x86_64-linux-gnu --target=x86_64-linux-gnu --with-build-config=bootstrap-lto-lean --enable-link-serialization=2
Thread model: posix
Supported LTO compression algorithms: zlib zstd
gcc version 11.4.0 (Ubuntu 11.4.0-1ubuntu1~22.04) 
COMPILER_PATH=/usr/lib/gcc/x86_64-linux-gnu/11/:/usr/lib/gcc/x86_64-linux-gnu/11/:/usr/lib/gcc/x86_64-linux-gnu/:/usr/lib/gcc/x86_64-linux-gnu/11/:/usr/lib/gcc/x86_64-linux-gnu/
LIBRARY_PATH=/usr/lib/gcc/x86_64-linux-gnu/11/:/usr/lib/gcc/x86_64-linux-gnu/11/../../../x86_64-linux-gnu/:/usr/lib/gcc/x86_64-linux-gnu/11/../../../../lib/:/lib/x86_64-linux-gnu/:/lib/../lib/:/usr/lib/x86_64-linux-gnu/:/usr/lib/../lib/:/usr/lib/gcc/x86_64-linux-gnu/11/../../../:/lib/:/usr/lib/
COLLECT_GCC_OPTIONS='-v' '-o' 'cmTC_417f7' '-mtune=generic' '-march=x86-64' '-dumpdir' 'cmTC_417f7.'
 /usr/lib/gcc/x86_64-linux-gnu/11/collect2 -plugin /usr/lib/gcc/x86_64-linux-gnu/11/liblto_plugin.so -plugin-opt=/usr/lib/gcc/x86_64-linux-gnu/11/lto-wrapper -plugin-opt=-fresolution=/tmp/ccCltGNq.res -plugin-opt=-pass-through=-lgcc -plugin-opt=-pass-through=-lgcc_s -plugin-opt=-pass-through=-lc -plugin-opt=-pass-through=-lgcc -plugin-opt=-pass-through=-lgcc_s --build-id --eh-frame-hdr -m elf_x86_64 --hash-style=gnu --as-needed -dynamic-linker /lib64/ld-linux-x86-64.so.2 -pie -z now -z relro -o cmTC_417f7 /usr/lib/gcc/x86_64-linux-gnu/11/../../../x86_64-linux-gnu/Scrt1.o /usr/lib/gcc/x86_64-linux-gnu/11/../../../x86_64-linux-gnu/crti.o /usr/lib/gcc/x86_64-linux-gnu/11/crtbeginS.o -L/usr/lib/gcc/x86_64-linux-gnu/11 -L/usr/lib/gcc/x86_64-linux-gnu/11/../../../x86_64-linux-gnu -L/usr/lib/gcc/x86_64-linux-gnu/11/../../../../lib -L/lib/x86_64-linux-gnu -L/lib/../lib -L/usr/lib/x86_64-linux-gnu -L/usr/lib/../lib -L/usr/lib/gcc/x86_64-linux-gnu/11/../../.. CMakeFiles/cmTC_417f7.dir/CMakeCCompilerABI.c.o -lgcc --push-state --as-needed -lgcc_s --pop-state -lc -lgcc --push-state --as-needed -lgcc_s --pop-state /usr/lib/gcc/x86_64-linux-gnu/11/crtendS.o /usr/lib/gcc/x86_64-linux-gnu/11/../../../x86_64-linux-gnu/crtn.o
COLLECT_GCC_OPTIONS='-v' '-o' 'cmTC_417f7' '-mtune=generic' '-march=x86-64' '-dumpdir' 'cmTC_417f7.'
gmake[1]: Leaving directory '/root/FunASR/runtime/websocket/build/CMakeFiles/CMakeTmp'



Parsed C implicit include dir info from above output: rv=done
  found start of include info
  found start of implicit include info
    add: [/usr/lib/gcc/x86_64-linux-gnu/11/include]
    add: [/usr/local/include]
    add: [/usr/include/x86_64-linux-gnu]
    add: [/usr/include]
  end of search list found
  collapse include dir [/usr/lib/gcc/x86_64-linux-gnu/11/include] ==> [/usr/lib/gcc/x86_64-linux-gnu/11/include]
  collapse include dir [/usr/local/include] ==> [/usr/local/include]
  collapse include dir [/usr/include/x86_64-linux-gnu] ==> [/usr/include/x86_64-linux-gnu]
  collapse include dir [/usr/include] ==> [/usr/include]
  implicit include dirs: [/usr/lib/gcc/x86_64-linux-gnu/11/include;/usr/local/include;/usr/include/x86_64-linux-gnu;/usr/include]


Parsed C implicit link information from above output:
  link line regex: [^( *|.*[/\])(ld|CMAKE_LINK_STARTFILE-NOTFOUND|([^/\]+-)?ld|collect2)[^/\]*( |$)]
  ignore line: [Change Dir: /root/FunASR/runtime/websocket/build/CMakeFiles/CMakeTmp]
  ignore line: []
  ignore line: [Run Build Command(s):/usr/bin/gmake -f Makefile cmTC_417f7/fast && /usr/bin/gmake  -f CMakeFiles/cmTC_417f7.dir/build.make CMakeFiles/cmTC_417f7.dir/build]
  ignore line: [gmake[1]: Entering directory '/root/FunASR/runtime/websocket/build/CMakeFiles/CMakeTmp']
  ignore line: [Building C object CMakeFiles/cmTC_417f7.dir/CMakeCCompilerABI.c.o]
  ignore line: [/usr/bin/cc   -v -o CMakeFiles/cmTC_417f7.dir/CMakeCCompilerABI.c.o -c /usr/share/cmake-3.22/Modules/CMakeCCompilerABI.c]
  ignore line: [Using built-in specs.]
  ignore line: [COLLECT_GCC=/usr/bin/cc]
  ignore line: [OFFLOAD_TARGET_NAMES=nvptx-none:amdgcn-amdhsa]
  ignore line: [OFFLOAD_TARGET_DEFAULT=1]
  ignore line: [Target: x86_64-linux-gnu]
  ignore line: [Configured with: ../src/configure -v --with-pkgversion='Ubuntu 11.4.0-1ubuntu1~22.04' --with-bugurl=file:///usr/share/doc/gcc-11/README.Bugs --enable-languages=c ada c++ go brig d fortran objc obj-c++ m2 --prefix=/usr --with-gcc-major-version-only --program-suffix=-11 --program-prefix=x86_64-linux-gnu- --enable-shared --enable-linker-build-id --libexecdir=/usr/lib --without-included-gettext --enable-threads=posix --libdir=/usr/lib --enable-nls --enable-bootstrap --enable-clocale=gnu --enable-libstdcxx-debug --enable-libstdcxx-time=yes --with-default-libstdcxx-abi=new --enable-gnu-unique-object --disable-vtable-verify --enable-plugin --enable-default-pie --with-system-zlib --enable-libphobos-checking=release --with-target-system-zlib=auto --enable-objc-gc=auto --enable-multiarch --disable-werror --enable-cet --with-arch-32=i686 --with-abi=m64 --with-multilib-list=m32 m64 mx32 --enable-multilib --with-tune=generic --enable-offload-targets=nvptx-none=/build/gcc-11-XeT9lY/gcc-11-11.4.0/debian/tmp-nvptx/usr amdgcn-amdhsa=/build/gcc-11-XeT9lY/gcc-11-11.4.0/debian/tmp-gcn/usr --without-cuda-driver --enable-checking=release --build=x86_64-linux-gnu --host=x86_64-linux-gnu --target=x86_64-linux-gnu --with-build-config=bootstrap-lto-lean --enable-link-serialization=2]
  ignore line: [Thread model: posix]
  ignore line: [Supported LTO compression algorithms: zlib zstd]
  ignore line: [gcc version 11.4.0 (Ubuntu 11.4.0-1ubuntu1~22.04) ]
  ignore line: [COLLECT_GCC_OPTIONS='-v' '-o' 'CMakeFiles/cmTC_417f7.dir/CMakeCCompilerABI.c.o' '-c' '-mtune=generic' '-march=x86-64' '-dumpdir' 'CMakeFiles/cmTC_417f7.dir/']
  ignore line: [ /usr/lib/gcc/x86_64-linux-gnu/11/cc1 -quiet -v -imultiarch x86_64-linux-gnu /usr/share/cmake-3.22/Modules/CMakeCCompilerABI.c -quiet -dumpdir CMakeFiles/cmTC_417f7.dir/ -dumpbase CMakeCCompilerABI.c.c -dumpbase-ext .c -mtune=generic -march=x86-64 -version -fasynchronous-unwind-tables -fstack-protector-strong -Wformat -Wformat-security -fstack-clash-protection -fcf-protection -o /tmp/cc3S8p0R.s]
  ignore line: [GNU C17 (Ubuntu 11.4.0-1ubuntu1~22.04) version 11.4.0 (x86_64-linux-gnu)]
  ignore line: [	compiled by GNU C version 11.4.0  GMP version 6.2.1  MPFR version 4.1.0  MPC version 1.2.1  isl version isl-0.24-GMP]
  ignore line: []
  ignore line: [GGC heuristics: --param ggc-min-expand=100 --param ggc-min-heapsize=131072]
  ignore line: [ignoring nonexistent directory "/usr/local/include/x86_64-linux-gnu"]
  ignore line: [ignoring nonexistent directory "/usr/lib/gcc/x86_64-linux-gnu/11/include-fixed"]
  ignore line: [ignoring nonexistent directory "/usr/lib/gcc/x86_64-linux-gnu/11/../../../../x86_64-linux-gnu/include"]
  ignore line: [#include "..." search starts here:]
  ignore line: [#include <...> search starts here:]
  ignore line: [ /usr/lib/gcc/x86_64-linux-gnu/11/include]
  ignore line: [ /usr/local/include]
  ignore line: [ /usr/include/x86_64-linux-gnu]
  ignore line: [ /usr/include]
  ignore line: [End of search list.]
  ignore line: [GNU C17 (Ubuntu 11.4.0-1ubuntu1~22.04) version 11.4.0 (x86_64-linux-gnu)]
  ignore line: [	compiled by GNU C version 11.4.0  GMP version 6.2.1  MPFR version 4.1.0  MPC version 1.2.1  isl version isl-0.24-GMP]
  ignore line: []
  ignore line: [GGC heuristics: --param ggc-min-expand=100 --param ggc-min-heapsize=131072]
  ignore line: [Compiler executable checksum: 50eaa2331df977b8016186198deb2d18]
  ignore line: [COLLECT_GCC_OPTIONS='-v' '-o' 'CMakeFiles/cmTC_417f7.dir/CMakeCCompilerABI.c.o' '-c' '-mtune=generic' '-march=x86-64' '-dumpdir' 'CMakeFiles/cmTC_417f7.dir/']
  ignore line: [ as -v --64 -o CMakeFiles/cmTC_417f7.dir/CMakeCCompilerABI.c.o /tmp/cc3S8p0R.s]
  ignore line: [GNU assembler version 2.38 (x86_64-linux-gnu) using BFD version (GNU Binutils for Ubuntu) 2.38]
  ignore line: [COMPILER_PATH=/usr/lib/gcc/x86_64-linux-gnu/11/:/usr/lib/gcc/x86_64-linux-gnu/11/:/usr/lib/gcc/x86_64-linux-gnu/:/usr/lib/gcc/x86_64-linux-gnu/11/:/usr/lib/gcc/x86_64-linux-gnu/]
  ignore line: [LIBRARY_PATH=/usr/lib/gcc/x86_64-linux-gnu/11/:/usr/lib/gcc/x86_64-linux-gnu/11/../../../x86_64-linux-gnu/:/usr/lib/gcc/x86_64-linux-gnu/11/../../../../lib/:/lib/x86_64-linux-gnu/:/lib/../lib/:/usr/lib/x86_64-linux-gnu/:/usr/lib/../lib/:/usr/lib/gcc/x86_64-linux-gnu/11/../../../:/lib/:/usr/lib/]
  ignore line: [COLLECT_GCC_OPTIONS='-v' '-o' 'CMakeFiles/cmTC_417f7.dir/CMakeCCompilerABI.c.o' '-c' '-mtune=generic' '-march=x86-64' '-dumpdir' 'CMakeFiles/cmTC_417f7.dir/CMakeCCompilerABI.c.']
  ignore line: [Linking C executable cmTC_417f7]
  ignore line: [/usr/bin/cmake -E cmake_link_script CMakeFiles/cmTC_417f7.dir/link.txt --verbose=1]
  ignore line: [/usr/bin/cc  -v CMakeFiles/cmTC_417f7.dir/CMakeCCompilerABI.c.o -o cmTC_417f7 ]
  ignore line: [Using built-in specs.]
  ignore line: [COLLECT_GCC=/usr/bin/cc]
  ignore line: [COLLECT_LTO_WRAPPER=/usr/lib/gcc/x86_64-linux-gnu/11/lto-wrapper]
  ignore line: [OFFLOAD_TARGET_NAMES=nvptx-none:amdgcn-amdhsa]
  ignore line: [OFFLOAD_TARGET_DEFAULT=1]
  ignore line: [Target: x86_64-linux-gnu]
  ignore line: [Configured with: ../src/configure -v --with-pkgversion='Ubuntu 11.4.0-1ubuntu1~22.04' --with-bugurl=file:///usr/share/doc/gcc-11/README.Bugs --enable-languages=c ada c++ go brig d fortran objc obj-c++ m2 --prefix=/usr --with-gcc-major-version-only --program-suffix=-11 --program-prefix=x86_64-linux-gnu- --enable-shared --enable-linker-build-id --libexecdir=/usr/lib --without-included-gettext --enable-threads=posix --libdir=/usr/lib --enable-nls --enable-bootstrap --enable-clocale=gnu --enable-libstdcxx-debug --enable-libstdcxx-time=yes --with-default-libstdcxx-abi=new --enable-gnu-unique-object --disable-vtable-verify --enable-plugin --enable-default-pie --with-system-zlib --enable-libphobos-checking=release --with-target-system-zlib=auto --enable-objc-gc=auto --enable-multiarch --disable-werror --enable-cet --with-arch-32=i686 --with-abi=m64 --with-multilib-list=m32 m64 mx32 --enable-multilib --with-tune=generic --enable-offload-targets=nvptx-none=/build/gcc-11-XeT9lY/gcc-11-11.4.0/debian/tmp-nvptx/usr amdgcn-amdhsa=/build/gcc-11-XeT9lY/gcc-11-11.4.0/debian/tmp-gcn/usr --without-cuda-driver --enable-checking=release --build=x86_64-linux-gnu --host=x86_64-linux-gnu --target=x86_64-linux-gnu --with-build-config=bootstrap-lto-lean --enable-link-serialization=2]
  ignore line: [Thread model: posix]
  ignore line: [Supported LTO compression algorithms: zlib zstd]
  ignore line: [gcc version 11.4.0 (Ubuntu 11.4.0-1ubuntu1~22.04) ]
  ignore line: [COMPILER_PATH=/usr/lib/gcc/x86_64-linux-gnu/11/:/usr/lib/gcc/x86_64-linux-gnu/11/:/usr/lib/gcc/x86_64-linux-gnu/:/usr/lib/gcc/x86_64-linux-gnu/11/:/usr/lib/gcc/x86_64-linux-gnu/]
  ignore line: [LIBRARY_PATH=/usr/lib/gcc/x86_64-linux-gnu/11/:/usr/lib/gcc/x86_64-linux-gnu/11/../../../x86_64-linux-gnu/:/usr/lib/gcc/x86_64-linux-gnu/11/../../../../lib/:/lib/x86_64-linux-gnu/:/lib/../lib/:/usr/lib/x86_64-linux-gnu/:/usr/lib/../lib/:/usr/lib/gcc/x86_64-linux-gnu/11/../../../:/lib/:/usr/lib/]
  ignore line: [COLLECT_GCC_OPTIONS='-v' '-o' 'cmTC_417f7' '-mtune=generic' '-march=x86-64' '-dumpdir' 'cmTC_417f7.']
  link line: [ /usr/lib/gcc/x86_64-linux-gnu/11/collect2 -plugin /usr/lib/gcc/x86_64-linux-gnu/11/liblto_plugin.so -plugin-opt=/usr/lib/gcc/x86_64-linux-gnu/11/lto-wrapper -plugin-opt=-fresolution=/tmp/ccCltGNq.res -plugin-opt=-pass-through=-lgcc -plugin-opt=-pass-through=-lgcc_s -plugin-opt=-pass-through=-lc -plugin-opt=-pass-through=-lgcc -plugin-opt=-pass-through=-lgcc_s --build-id --eh-frame-hdr -m elf_x86_64 --hash-style=gnu --as-needed -dynamic-linker /lib64/ld-linux-x86-64.so.2 -pie -z now -z relro -o cmTC_417f7 /usr/lib/gcc/x86_64-linux-gnu/11/../../../x86_64-linux-gnu/Scrt1.o /usr/lib/gcc/x86_64-linux-gnu/11/../../../x86_64-linux-gnu/crti.o /usr/lib/gcc/x86_64-linux-gnu/11/crtbeginS.o -L/usr/lib/gcc/x86_64-linux-gnu/11 -L/usr/lib/gcc/x86_64-linux-gnu/11/../../../x86_64-linux-gnu -L/usr/lib/gcc/x86_64-linux-gnu/11/../../../../lib -L/lib/x86_64-linux-gnu -L/lib/../lib -L/usr/lib/x86_64-linux-gnu -L/usr/lib/../lib -L/usr/lib/gcc/x86_64-linux-gnu/11/../../.. CMakeFiles/cmTC_417f7.dir/CMakeCCompilerABI.c.o -lgcc --push-state --as-needed -lgcc_s --pop-state -lc -lgcc --push-state --as-needed -lgcc_s --pop-state /usr/lib/gcc/x86_64-linux-gnu/11/crtendS.o /usr/lib/gcc/x86_64-linux-gnu/11/../../../x86_64-linux-gnu/crtn.o]
    arg [/usr/lib/gcc/x86_64-linux-gnu/11/collect2] ==> ignore
    arg [-plugin] ==> ignore
    arg [/usr/lib/gcc/x86_64-linux-gnu/11/liblto_plugin.so] ==> ignore
    arg [-plugin-opt=/usr/lib/gcc/x86_64-linux-gnu/11/lto-wrapper] ==> ignore
    arg [-plugin-opt=-fresolution=/tmp/ccCltGNq.res] ==> ignore
    arg [-plugin-opt=-pass-through=-lgcc] ==> ignore
    arg [-plugin-opt=-pass-through=-lgcc_s] ==> ignore
    arg [-plugin-opt=-pass-through=-lc] ==> ignore
    arg [-plugin-opt=-pass-through=-lgcc] ==> ignore
    arg [-plugin-opt=-pass-through=-lgcc_s] ==> ignore
    arg [--build-id] ==> ignore
    arg [--eh-frame-hdr] ==> ignore
    arg [-m] ==> ignore
    arg [elf_x86_64] ==> ignore
    arg [--hash-style=gnu] ==> ignore
    arg [--as-needed] ==> ignore
    arg [-dynamic-linker] ==> ignore
    arg [/lib64/ld-linux-x86-64.so.2] ==> ignore
    arg [-pie] ==> ignore
    arg [-znow] ==> ignore
    arg [-zrelro] ==> ignore
    arg [-o] ==> ignore
    arg [cmTC_417f7] ==> ignore
    arg [/usr/lib/gcc/x86_64-linux-gnu/11/../../../x86_64-linux-gnu/Scrt1.o] ==> obj [/usr/lib/gcc/x86_64-linux-gnu/11/../../../x86_64-linux-gnu/Scrt1.o]
    arg [/usr/lib/gcc/x86_64-linux-gnu/11/../../../x86_64-linux-gnu/crti.o] ==> obj [/usr/lib/gcc/x86_64-linux-gnu/11/../../../x86_64-linux-gnu/crti.o]
    arg [/usr/lib/gcc/x86_64-linux-gnu/11/crtbeginS.o] ==> obj [/usr/lib/gcc/x86_64-linux-gnu/11/crtbeginS.o]
    arg [-L/usr/lib/gcc/x86_64-linux-gnu/11] ==> dir [/usr/lib/gcc/x86_64-linux-gnu/11]
    arg [-L/usr/lib/gcc/x86_64-linux-gnu/11/../../../x86_64-linux-gnu] ==> dir [/usr/lib/gcc/x86_64-linux-gnu/11/../../../x86_64-linux-gnu]
    arg [-L/usr/lib/gcc/x86_64-linux-gnu/11/../../../../lib] ==> dir [/usr/lib/gcc/x86_64-linux-gnu/11/../../../../lib]
    arg [-L/lib/x86_64-linux-gnu] ==> dir [/lib/x86_64-linux-gnu]
    arg [-L/lib/../lib] ==> dir [/lib/../lib]
    arg [-L/usr/lib/x86_64-linux-gnu] ==> dir [/usr/lib/x86_64-linux-gnu]
    arg [-L/usr/lib/../lib] ==> dir [/usr/lib/../lib]
    arg [-L/usr/lib/gcc/x86_64-linux-gnu/11/../../..] ==> dir [/usr/lib/gcc/x86_64-linux-gnu/11/../../..]
    arg [CMakeFiles/cmTC_417f7.dir/CMakeCCompilerABI.c.o] ==> ignore
    arg [-lgcc] ==> lib [gcc]
    arg [--push-state] ==> ignore
    arg [--as-needed] ==> ignore
    arg [-lgcc_s] ==> lib [gcc_s]
    arg [--pop-state] ==> ignore
    arg [-lc] ==> lib [c]
    arg [-lgcc] ==> lib [gcc]
    arg [--push-state] ==> ignore
    arg [--as-needed] ==> ignore
    arg [-lgcc_s] ==> lib [gcc_s]
    arg [--pop-state] ==> ignore
    arg [/usr/lib/gcc/x86_64-linux-gnu/11/crtendS.o] ==> obj [/usr/lib/gcc/x86_64-linux-gnu/11/crtendS.o]
    arg [/usr/lib/gcc/x86_64-linux-gnu/11/../../../x86_64-linux-gnu/crtn.o] ==> obj [/usr/lib/gcc/x86_64-linux-gnu/11/../../../x86_64-linux-gnu/crtn.o]
  collapse obj [/usr/lib/gcc/x86_64-linux-gnu/11/../../../x86_64-linux-gnu/Scrt1.o] ==> [/usr/lib/x86_64-linux-gnu/Scrt1.o]
  collapse obj [/usr/lib/gcc/x86_64-linux-gnu/11/../../../x86_64-linux-gnu/crti.o] ==> [/usr/lib/x86_64-linux-gnu/crti.o]
  collapse obj [/usr/lib/gcc/x86_64-linux-gnu/11/../../../x86_64-linux-gnu/crtn.o] ==> [/usr/lib/x86_64-linux-gnu/crtn.o]
  collapse library dir [/usr/lib/gcc/x86_64-linux-gnu/11] ==> [/usr/lib/gcc/x86_64-linux-gnu/11]
  collapse library dir [/usr/lib/gcc/x86_64-linux-gnu/11/../../../x86_64-linux-gnu] ==> [/usr/lib/x86_64-linux-gnu]
  collapse library dir [/usr/lib/gcc/x86_64-linux-gnu/11/../../../../lib] ==> [/usr/lib]
  collapse library dir [/lib/x86_64-linux-gnu] ==> [/lib/x86_64-linux-gnu]
  collapse library dir [/lib/../lib] ==> [/lib]
  collapse library dir [/usr/lib/x86_64-linux-gnu] ==> [/usr/lib/x86_64-linux-gnu]
  collapse library dir [/usr/lib/../lib] ==> [/usr/lib]
  collapse library dir [/usr/lib/gcc/x86_64-linux-gnu/11/../../..] ==> [/usr/lib]
  implicit libs: [gcc;gcc_s;c;gcc;gcc_s]
  implicit objs: [/usr/lib/x86_64-linux-gnu/Scrt1.o;/usr/lib/x86_64-linux-gnu/crti.o;/usr/lib/gcc/x86_64-linux-gnu/11/crtbeginS.o;/usr/lib/gcc/x86_64-linux-gnu/11/crtendS.o;/usr/lib/x86_64-linux-gnu/crtn.o]
  implicit dirs: [/usr/lib/gcc/x86_64-linux-gnu/11;/usr/lib/x86_64-linux-gnu;/usr/lib;/lib/x86_64-linux-gnu;/lib]
  implicit fwks: []


Detecting CXX compiler ABI info compiled with the following output:
Change Dir: /root/FunASR/runtime/websocket/build/CMakeFiles/CMakeTmp

Run Build Command(s):/usr/bin/gmake -f Makefile cmTC_6e840/fast && /usr/bin/gmake  -f CMakeFiles/cmTC_6e840.dir/build.make CMakeFiles/cmTC_6e840.dir/build
gmake[1]: Entering directory '/root/FunASR/runtime/websocket/build/CMakeFiles/CMakeTmp'
Building CXX object CMakeFiles/cmTC_6e840.dir/CMakeCXXCompilerABI.cpp.o
/usr/bin/c++   -v -o CMakeFiles/cmTC_6e840.dir/CMakeCXXCompilerABI.cpp.o -c /usr/share/cmake-3.22/Modules/CMakeCXXCompilerABI.cpp
Using built-in specs.
COLLECT_GCC=/usr/bin/c++
OFFLOAD_TARGET_NAMES=nvptx-none:amdgcn-amdhsa
OFFLOAD_TARGET_DEFAULT=1
Target: x86_64-linux-gnu
Configured with: ../src/configure -v --with-pkgversion='Ubuntu 11.4.0-1ubuntu1~22.04' --with-bugurl=file:///usr/share/doc/gcc-11/README.Bugs --enable-languages=c,ada,c++,go,brig,d,fortran,objc,obj-c++,m2 --prefix=/usr --with-gcc-major-version-only --program-suffix=-11 --program-prefix=x86_64-linux-gnu- --enable-shared --enable-linker-build-id --libexecdir=/usr/lib --without-included-gettext --enable-threads=posix --libdir=/usr/lib --enable-nls --enable-bootstrap --enable-clocale=gnu --enable-libstdcxx-debug --enable-libstdcxx-time=yes --with-default-libstdcxx-abi=new --enable-gnu-unique-object --disable-vtable-verify --enable-plugin --enable-default-pie --with-system-zlib --enable-libphobos-checking=release --with-target-system-zlib=auto --enable-objc-gc=auto --enable-multiarch --disable-werror --enable-cet --with-arch-32=i686 --with-abi=m64 --with-multilib-list=m32,m64,mx32 --enable-multilib --with-tune=generic --enable-offload-targets=nvptx-none=/build/gcc-11-XeT9lY/gcc-11-11.4.0/debian/tmp-nvptx/usr,amdgcn-amdhsa=/build/gcc-11-XeT9lY/gcc-11-11.4.0/debian/tmp-gcn/usr --without-cuda-driver --enable-checking=release --build=x86_64-linux-gnu --host=x86_64-linux-gnu --target=x86_64-linux-gnu --with-build-config=bootstrap-lto-lean --enable-link-serialization=2
Thread model: posix
Supported LTO compression algorithms: zlib zstd
gcc version 11.4.0 (Ubuntu 11.4.0-1ubuntu1~22.04) 
COLLECT_GCC_OPTIONS='-v' '-o' 'CMakeFiles/cmTC_6e840.dir/CMakeCXXCompilerABI.cpp.o' '-c' '-shared-libgcc' '-mtune=generic' '-march=x86-64' '-dumpdir' 'CMakeFiles/cmTC_6e840.dir/'
 /usr/lib/gcc/x86_64-linux-gnu/11/cc1plus -quiet -v -imultiarch x86_64-linux-gnu -D_GNU_SOURCE /usr/share/cmake-3.22/Modules/CMakeCXXCompilerABI.cpp -quiet -dumpdir CMakeFiles/cmTC_6e840.dir/ -dumpbase CMakeCXXCompilerABI.cpp.cpp -dumpbase-ext .cpp -mtune=generic -march=x86-64 -version -fasynchronous-unwind-tables -fstack-protector-strong -Wformat -Wformat-security -fstack-clash-protection -fcf-protection -o /tmp/ccgovK7s.s
GNU C++17 (Ubuntu 11.4.0-1ubuntu1~22.04) version 11.4.0 (x86_64-linux-gnu)
	compiled by GNU C version 11.4.0, GMP version 6.2.1, MPFR version 4.1.0, MPC version 1.2.1, isl version isl-0.24-GMP

GGC heuristics: --param ggc-min-expand=100 --param ggc-min-heapsize=131072
ignoring duplicate directory "/usr/include/x86_64-linux-gnu/c++/11"
ignoring nonexistent directory "/usr/local/include/x86_64-linux-gnu"
ignoring nonexistent directory "/usr/lib/gcc/x86_64-linux-gnu/11/include-fixed"
ignoring nonexistent directory "/usr/lib/gcc/x86_64-linux-gnu/11/../../../../x86_64-linux-gnu/include"
#include "..." search starts here:
#include <...> search starts here:
 /usr/include/c++/11
 /usr/include/x86_64-linux-gnu/c++/11
 /usr/include/c++/11/backward
 /usr/lib/gcc/x86_64-linux-gnu/11/include
 /usr/local/include
 /usr/include/x86_64-linux-gnu
 /usr/include
End of search list.
GNU C++17 (Ubuntu 11.4.0-1ubuntu1~22.04) version 11.4.0 (x86_64-linux-gnu)
	compiled by GNU C version 11.4.0, GMP version 6.2.1, MPFR version 4.1.0, MPC version 1.2.1, isl version isl-0.24-GMP

GGC heuristics: --param ggc-min-expand=100 --param ggc-min-heapsize=131072
Compiler executable checksum: d591828bb4d392ae8b7b160e5bb0b95f
COLLECT_GCC_OPTIONS='-v' '-o' 'CMakeFiles/cmTC_6e840.dir/CMakeCXXCompilerABI.cpp.o' '-c' '-shared-libgcc' '-mtune=generic' '-march=x86-64' '-dumpdir' 'CMakeFiles/cmTC_6e840.dir/'
 as -v --64 -o CMakeFiles/cmTC_6e840.dir/CMakeCXXCompilerABI.cpp.o /tmp/ccgovK7s.s
GNU assembler version 2.38 (x86_64-linux-gnu) using BFD version (GNU Binutils for Ubuntu) 2.38
COMPILER_PATH=/usr/lib/gcc/x86_64-linux-gnu/11/:/usr/lib/gcc/x86_64-linux-gnu/11/:/usr/lib/gcc/x86_64-linux-gnu/:/usr/lib/gcc/x86_64-linux-gnu/11/:/usr/lib/gcc/x86_64-linux-gnu/
LIBRARY_PATH=/usr/lib/gcc/x86_64-linux-gnu/11/:/usr/lib/gcc/x86_64-linux-gnu/11/../../../x86_64-linux-gnu/:/usr/lib/gcc/x86_64-linux-gnu/11/../../../../lib/:/lib/x86_64-linux-gnu/:/lib/../lib/:/usr/lib/x86_64-linux-gnu/:/usr/lib/../lib/:/usr/lib/gcc/x86_64-linux-gnu/11/../../../:/lib/:/usr/lib/
COLLECT_GCC_OPTIONS='-v' '-o' 'CMakeFiles/cmTC_6e840.dir/CMakeCXXCompilerABI.cpp.o' '-c' '-shared-libgcc' '-mtune=generic' '-march=x86-64' '-dumpdir' 'CMakeFiles/cmTC_6e840.dir/CMakeCXXCompilerABI.cpp.'
Linking CXX executable cmTC_6e840
/usr/bin/cmake -E cmake_link_script CMakeFiles/cmTC_6e840.dir/link.txt --verbose=1
/usr/bin/c++  -v CMakeFiles/cmTC_6e840.dir/CMakeCXXCompilerABI.cpp.o -o cmTC_6e840 
Using built-in specs.
COLLECT_GCC=/usr/bin/c++
COLLECT_LTO_WRAPPER=/usr/lib/gcc/x86_64-linux-gnu/11/lto-wrapper
OFFLOAD_TARGET_NAMES=nvptx-none:amdgcn-amdhsa
OFFLOAD_TARGET_DEFAULT=1
Target: x86_64-linux-gnu
Configured with: ../src/configure -v --with-pkgversion='Ubuntu 11.4.0-1ubuntu1~22.04' --with-bugurl=file:///usr/share/doc/gcc-11/README.Bugs --enable-languages=c,ada,c++,go,brig,d,fortran,objc,obj-c++,m2 --prefix=/usr --with-gcc-major-version-only --program-suffix=-11 --program-prefix=x86_64-linux-gnu- --enable-shared --enable-linker-build-id --libexecdir=/usr/lib --without-included-gettext --enable-threads=posix --libdir=/usr/lib --enable-nls --enable-bootstrap --enable-clocale=gnu --enable-libstdcxx-debug --enable-libstdcxx-time=yes --with-default-libstdcxx-abi=new --enable-gnu-unique-object --disable-vtable-verify --enable-plugin --enable-default-pie --with-system-zlib --enable-libphobos-checking=release --with-target-system-zlib=auto --enable-objc-gc=auto --enable-multiarch --disable-werror --enable-cet --with-arch-32=i686 --with-abi=m64 --with-multilib-list=m32,m64,mx32 --enable-multilib --with-tune=generic --enable-offload-targets=nvptx-none=/build/gcc-11-XeT9lY/gcc-11-11.4.0/debian/tmp-nvptx/usr,amdgcn-amdhsa=/build/gcc-11-XeT9lY/gcc-11-11.4.0/debian/tmp-gcn/usr --without-cuda-driver --enable-checking=release --build=x86_64-linux-gnu --host=x86_64-linux-gnu --target=x86_64-linux-gnu --with-build-config=bootstrap-lto-lean --enable-link-serialization=2
Thread model: posix
Supported LTO compression algorithms: zlib zstd
gcc version 11.4.0 (Ubuntu 11.4.0-1ubuntu1~22.04) 
COMPILER_PATH=/usr/lib/gcc/x86_64-linux-gnu/11/:/usr/lib/gcc/x86_64-linux-gnu/11/:/usr/lib/gcc/x86_64-linux-gnu/:/usr/lib/gcc/x86_64-linux-gnu/11/:/usr/lib/gcc/x86_64-linux-gnu/
LIBRARY_PATH=/usr/lib/gcc/x86_64-linux-gnu/11/:/usr/lib/gcc/x86_64-linux-gnu/11/../../../x86_64-linux-gnu/:/usr/lib/gcc/x86_64-linux-gnu/11/../../../../lib/:/lib/x86_64-linux-gnu/:/lib/../lib/:/usr/lib/x86_64-linux-gnu/:/usr/lib/../lib/:/usr/lib/gcc/x86_64-linux-gnu/11/../../../:/lib/:/usr/lib/
COLLECT_GCC_OPTIONS='-v' '-o' 'cmTC_6e840' '-shared-libgcc' '-mtune=generic' '-march=x86-64' '-dumpdir' 'cmTC_6e840.'
 /usr/lib/gcc/x86_64-linux-gnu/11/collect2 -plugin /usr/lib/gcc/x86_64-linux-gnu/11/liblto_plugin.so -plugin-opt=/usr/lib/gcc/x86_64-linux-gnu/11/lto-wrapper -plugin-opt=-fresolution=/tmp/cc9cfWvG.res -plugin-opt=-pass-through=-lgcc_s -plugin-opt=-pass-through=-lgcc -plugin-opt=-pass-through=-lc -plugin-opt=-pass-through=-lgcc_s -plugin-opt=-pass-through=-lgcc --build-id --eh-frame-hdr -m elf_x86_64 --hash-style=gnu --as-needed -dynamic-linker /lib64/ld-linux-x86-64.so.2 -pie -z now -z relro -o cmTC_6e840 /usr/lib/gcc/x86_64-linux-gnu/11/../../../x86_64-linux-gnu/Scrt1.o /usr/lib/gcc/x86_64-linux-gnu/11/../../../x86_64-linux-gnu/crti.o /usr/lib/gcc/x86_64-linux-gnu/11/crtbeginS.o -L/usr/lib/gcc/x86_64-linux-gnu/11 -L/usr/lib/gcc/x86_64-linux-gnu/11/../../../x86_64-linux-gnu -L/usr/lib/gcc/x86_64-linux-gnu/11/../../../../lib -L/lib/x86_64-linux-gnu -L/lib/../lib -L/usr/lib/x86_64-linux-gnu -L/usr/lib/../lib -L/usr/lib/gcc/x86_64-linux-gnu/11/../../.. CMakeFiles/cmTC_6e840.dir/CMakeCXXCompilerABI.cpp.o -lstdc++ -lm -lgcc_s -lgcc -lc -lgcc_s -lgcc /usr/lib/gcc/x86_64-linux-gnu/11/crtendS.o /usr/lib/gcc/x86_64-linux-gnu/11/../../../x86_64-linux-gnu/crtn.o
COLLECT_GCC_OPTIONS='-v' '-o' 'cmTC_6e840' '-shared-libgcc' '-mtune=generic' '-march=x86-64' '-dumpdir' 'cmTC_6e840.'
gmake[1]: Leaving directory '/root/FunASR/runtime/websocket/build/CMakeFiles/CMakeTmp'



Parsed CXX implicit include dir info from above output: rv=done
  found start of include info
  found start of implicit include info
    add: [/usr/include/c++/11]
    add: [/usr/include/x86_64-linux-gnu/c++/11]
    add: [/usr/include/c++/11/backward]
    add: [/usr/lib/gcc/x86_64-linux-gnu/11/include]
    add: [/usr/local/include]
    add: [/usr/include/x86_64-linux-gnu]
    add: [/usr/include]
  end of search list found
  collapse include dir [/usr/include/c++/11] ==> [/usr/include/c++/11]
  collapse include dir [/usr/include/x86_64-linux-gnu/c++/11] ==> [/usr/include/x86_64-linux-gnu/c++/11]
  collapse include dir [/usr/include/c++/11/backward] ==> [/usr/include/c++/11/backward]
  collapse include dir [/usr/lib/gcc/x86_64-linux-gnu/11/include] ==> [/usr/lib/gcc/x86_64-linux-gnu/11/include]
  collapse include dir [/usr/local/include] ==> [/usr/local/include]
  collapse include dir [/usr/include/x86_64-linux-gnu] ==> [/usr/include/x86_64-linux-gnu]
  collapse include dir [/usr/include] ==> [/usr/include]
  implicit include dirs: [/usr/include/c++/11;/usr/include/x86_64-linux-gnu/c++/11;/usr/include/c++/11/backward;/usr/lib/gcc/x86_64-linux-gnu/11/include;/usr/local/include;/usr/include/x86_64-linux-gnu;/usr/include]


Parsed CXX implicit link information from above output:
  link line regex: [^( *|.*[/\])(ld|CMAKE_LINK_STARTFILE-NOTFOUND|([^/\]+-)?ld|collect2)[^/\]*( |$)]
  ignore line: [Change Dir: /root/FunASR/runtime/websocket/build/CMakeFiles/CMakeTmp]
  ignore line: []
  ignore line: [Run Build Command(s):/usr/bin/gmake -f Makefile cmTC_6e840/fast && /usr/bin/gmake  -f CMakeFiles/cmTC_6e840.dir/build.make CMakeFiles/cmTC_6e840.dir/build]
  ignore line: [gmake[1]: Entering directory '/root/FunASR/runtime/websocket/build/CMakeFiles/CMakeTmp']
  ignore line: [Building CXX object CMakeFiles/cmTC_6e840.dir/CMakeCXXCompilerABI.cpp.o]
  ignore line: [/usr/bin/c++   -v -o CMakeFiles/cmTC_6e840.dir/CMakeCXXCompilerABI.cpp.o -c /usr/share/cmake-3.22/Modules/CMakeCXXCompilerABI.cpp]
  ignore line: [Using built-in specs.]
  ignore line: [COLLECT_GCC=/usr/bin/c++]
  ignore line: [OFFLOAD_TARGET_NAMES=nvptx-none:amdgcn-amdhsa]
  ignore line: [OFFLOAD_TARGET_DEFAULT=1]
  ignore line: [Target: x86_64-linux-gnu]
  ignore line: [Configured with: ../src/configure -v --with-pkgversion='Ubuntu 11.4.0-1ubuntu1~22.04' --with-bugurl=file:///usr/share/doc/gcc-11/README.Bugs --enable-languages=c ada c++ go brig d fortran objc obj-c++ m2 --prefix=/usr --with-gcc-major-version-only --program-suffix=-11 --program-prefix=x86_64-linux-gnu- --enable-shared --enable-linker-build-id --libexecdir=/usr/lib --without-included-gettext --enable-threads=posix --libdir=/usr/lib --enable-nls --enable-bootstrap --enable-clocale=gnu --enable-libstdcxx-debug --enable-libstdcxx-time=yes --with-default-libstdcxx-abi=new --enable-gnu-unique-object --disable-vtable-verify --enable-plugin --enable-default-pie --with-system-zlib --enable-libphobos-checking=release --with-target-system-zlib=auto --enable-objc-gc=auto --enable-multiarch --disable-werror --enable-cet --with-arch-32=i686 --with-abi=m64 --with-multilib-list=m32 m64 mx32 --enable-multilib --with-tune=generic --enable-offload-targets=nvptx-none=/build/gcc-11-XeT9lY/gcc-11-11.4.0/debian/tmp-nvptx/usr amdgcn-amdhsa=/build/gcc-11-XeT9lY/gcc-11-11.4.0/debian/tmp-gcn/usr --without-cuda-driver --enable-checking=release --build=x86_64-linux-gnu --host=x86_64-linux-gnu --target=x86_64-linux-gnu --with-build-config=bootstrap-lto-lean --enable-link-serialization=2]
  ignore line: [Thread model: posix]
  ignore line: [Supported LTO compression algorithms: zlib zstd]
  ignore line: [gcc version 11.4.0 (Ubuntu 11.4.0-1ubuntu1~22.04) ]
  ignore line: [COLLECT_GCC_OPTIONS='-v' '-o' 'CMakeFiles/cmTC_6e840.dir/CMakeCXXCompilerABI.cpp.o' '-c' '-shared-libgcc' '-mtune=generic' '-march=x86-64' '-dumpdir' 'CMakeFiles/cmTC_6e840.dir/']
  ignore line: [ /usr/lib/gcc/x86_64-linux-gnu/11/cc1plus -quiet -v -imultiarch x86_64-linux-gnu -D_GNU_SOURCE /usr/share/cmake-3.22/Modules/CMakeCXXCompilerABI.cpp -quiet -dumpdir CMakeFiles/cmTC_6e840.dir/ -dumpbase CMakeCXXCompilerABI.cpp.cpp -dumpbase-ext .cpp -mtune=generic -march=x86-64 -version -fasynchronous-unwind-tables -fstack-protector-strong -Wformat -Wformat-security -fstack-clash-protection -fcf-protection -o /tmp/ccgovK7s.s]
  ignore line: [GNU C++17 (Ubuntu 11.4.0-1ubuntu1~22.04) version 11.4.0 (x86_64-linux-gnu)]
  ignore line: [	compiled by GNU C version 11.4.0  GMP version 6.2.1  MPFR version 4.1.0  MPC version 1.2.1  isl version isl-0.24-GMP]
  ignore line: []
  ignore line: [GGC heuristics: --param ggc-min-expand=100 --param ggc-min-heapsize=131072]
  ignore line: [ignoring duplicate directory "/usr/include/x86_64-linux-gnu/c++/11"]
  ignore line: [ignoring nonexistent directory "/usr/local/include/x86_64-linux-gnu"]
  ignore line: [ignoring nonexistent directory "/usr/lib/gcc/x86_64-linux-gnu/11/include-fixed"]
  ignore line: [ignoring nonexistent directory "/usr/lib/gcc/x86_64-linux-gnu/11/../../../../x86_64-linux-gnu/include"]
  ignore line: [#include "..." search starts here:]
  ignore line: [#include <...> search starts here:]
  ignore line: [ /usr/include/c++/11]
  ignore line: [ /usr/include/x86_64-linux-gnu/c++/11]
  ignore line: [ /usr/include/c++/11/backward]
  ignore line: [ /usr/lib/gcc/x86_64-linux-gnu/11/include]
  ignore line: [ /usr/local/include]
  ignore line: [ /usr/include/x86_64-linux-gnu]
  ignore line: [ /usr/include]
  ignore line: [End of search list.]
  ignore line: [GNU C++17 (Ubuntu 11.4.0-1ubuntu1~22.04) version 11.4.0 (x86_64-linux-gnu)]
  ignore line: [	compiled by GNU C version 11.4.0  GMP version 6.2.1  MPFR version 4.1.0  MPC version 1.2.1  isl version isl-0.24-GMP]
  ignore line: []
  ignore line: [GGC heuristics: --param ggc-min-expand=100 --param ggc-min-heapsize=131072]
  ignore line: [Compiler executable checksum: d591828bb4d392ae8b7b160e5bb0b95f]
  ignore line: [COLLECT_GCC_OPTIONS='-v' '-o' 'CMakeFiles/cmTC_6e840.dir/CMakeCXXCompilerABI.cpp.o' '-c' '-shared-libgcc' '-mtune=generic' '-march=x86-64' '-dumpdir' 'CMakeFiles/cmTC_6e840.dir/']
  ignore line: [ as -v --64 -o CMakeFiles/cmTC_6e840.dir/CMakeCXXCompilerABI.cpp.o /tmp/ccgovK7s.s]
  ignore line: [GNU assembler version 2.38 (x86_64-linux-gnu) using BFD version (GNU Binutils for Ubuntu) 2.38]
  ignore line: [COMPILER_PATH=/usr/lib/gcc/x86_64-linux-gnu/11/:/usr/lib/gcc/x86_64-linux-gnu/11/:/usr/lib/gcc/x86_64-linux-gnu/:/usr/lib/gcc/x86_64-linux-gnu/11/:/usr/lib/gcc/x86_64-linux-gnu/]
  ignore line: [LIBRARY_PATH=/usr/lib/gcc/x86_64-linux-gnu/11/:/usr/lib/gcc/x86_64-linux-gnu/11/../../../x86_64-linux-gnu/:/usr/lib/gcc/x86_64-linux-gnu/11/../../../../lib/:/lib/x86_64-linux-gnu/:/lib/../lib/:/usr/lib/x86_64-linux-gnu/:/usr/lib/../lib/:/usr/lib/gcc/x86_64-linux-gnu/11/../../../:/lib/:/usr/lib/]
  ignore line: [COLLECT_GCC_OPTIONS='-v' '-o' 'CMakeFiles/cmTC_6e840.dir/CMakeCXXCompilerABI.cpp.o' '-c' '-shared-libgcc' '-mtune=generic' '-march=x86-64' '-dumpdir' 'CMakeFiles/cmTC_6e840.dir/CMakeCXXCompilerABI.cpp.']
  ignore line: [Linking CXX executable cmTC_6e840]
  ignore line: [/usr/bin/cmake -E cmake_link_script CMakeFiles/cmTC_6e840.dir/link.txt --verbose=1]
  ignore line: [/usr/bin/c++  -v CMakeFiles/cmTC_6e840.dir/CMakeCXXCompilerABI.cpp.o -o cmTC_6e840 ]
  ignore line: [Using built-in specs.]
  ignore line: [COLLECT_GCC=/usr/bin/c++]
  ignore line: [COLLECT_LTO_WRAPPER=/usr/lib/gcc/x86_64-linux-gnu/11/lto-wrapper]
  ignore line: [OFFLOAD_TARGET_NAMES=nvptx-none:amdgcn-amdhsa]
  ignore line: [OFFLOAD_TARGET_DEFAULT=1]
  ignore line: [Target: x86_64-linux-gnu]
  ignore line: [Configured with: ../src/configure -v --with-pkgversion='Ubuntu 11.4.0-1ubuntu1~22.04' --with-bugurl=file:///usr/share/doc/gcc-11/README.Bugs --enable-languages=c ada c++ go brig d fortran objc obj-c++ m2 --prefix=/usr --with-gcc-major-version-only --program-suffix=-11 --program-prefix=x86_64-linux-gnu- --enable-shared --enable-linker-build-id --libexecdir=/usr/lib --without-included-gettext --enable-threads=posix --libdir=/usr/lib --enable-nls --enable-bootstrap --enable-clocale=gnu --enable-libstdcxx-debug --enable-libstdcxx-time=yes --with-default-libstdcxx-abi=new --enable-gnu-unique-object --disable-vtable-verify --enable-plugin --enable-default-pie --with-system-zlib --enable-libphobos-checking=release --with-target-system-zlib=auto --enable-objc-gc=auto --enable-multiarch --disable-werror --enable-cet --with-arch-32=i686 --with-abi=m64 --with-multilib-list=m32 m64 mx32 --enable-multilib --with-tune=generic --enable-offload-targets=nvptx-none=/build/gcc-11-XeT9lY/gcc-11-11.4.0/debian/tmp-nvptx/usr amdgcn-amdhsa=/build/gcc-11-XeT9lY/gcc-11-11.4.0/debian/tmp-gcn/usr --without-cuda-driver --enable-checking=release --build=x86_64-linux-gnu --host=x86_64-linux-gnu --target=x86_64-linux-gnu --with-build-config=bootstrap-lto-lean --enable-link-serialization=2]
  ignore line: [Thread model: posix]
  ignore line: [Supported LTO compression algorithms: zlib zstd]
  ignore line: [gcc version 11.4.0 (Ubuntu 11.4.0-1ubuntu1~22.04) ]
  ignore line: [COMPILER_PATH=/usr/lib/gcc/x86_64-linux-gnu/11/:/usr/lib/gcc/x86_64-linux-gnu/11/:/usr/lib/gcc/x86_64-linux-gnu/:/usr/lib/gcc/x86_64-linux-gnu/11/:/usr/lib/gcc/x86_64-linux-gnu/]
  ignore line: [LIBRARY_PATH=/usr/lib/gcc/x86_64-linux-gnu/11/:/usr/lib/gcc/x86_64-linux-gnu/11/../../../x86_64-linux-gnu/:/usr/lib/gcc/x86_64-linux-gnu/11/../../../../lib/:/lib/x86_64-linux-gnu/:/lib/../lib/:/usr/lib/x86_64-linux-gnu/:/usr/lib/../lib/:/usr/lib/gcc/x86_64-linux-gnu/11/../../../:/lib/:/usr/lib/]
  ignore line: [COLLECT_GCC_OPTIONS='-v' '-o' 'cmTC_6e840' '-shared-libgcc' '-mtune=generic' '-march=x86-64' '-dumpdir' 'cmTC_6e840.']
  link line: [ /usr/lib/gcc/x86_64-linux-gnu/11/collect2 -plugin /usr/lib/gcc/x86_64-linux-gnu/11/liblto_plugin.so -plugin-opt=/usr/lib/gcc/x86_64-linux-gnu/11/lto-wrapper -plugin-opt=-fresolution=/tmp/cc9cfWvG.res -plugin-opt=-pass-through=-lgcc_s -plugin-opt=-pass-through=-lgcc -plugin-opt=-pass-through=-lc -plugin-opt=-pass-through=-lgcc_s -plugin-opt=-pass-through=-lgcc --build-id --eh-frame-hdr -m elf_x86_64 --hash-style=gnu --as-needed -dynamic-linker /lib64/ld-linux-x86-64.so.2 -pie -z now -z relro -o cmTC_6e840 /usr/lib/gcc/x86_64-linux-gnu/11/../../../x86_64-linux-gnu/Scrt1.o /usr/lib/gcc/x86_64-linux-gnu/11/../../../x86_64-linux-gnu/crti.o /usr/lib/gcc/x86_64-linux-gnu/11/crtbeginS.o -L/usr/lib/gcc/x86_64-linux-gnu/11 -L/usr/lib/gcc/x86_64-linux-gnu/11/../../../x86_64-linux-gnu -L/usr/lib/gcc/x86_64-linux-gnu/11/../../../../lib -L/lib/x86_64-linux-gnu -L/lib/../lib -L/usr/lib/x86_64-linux-gnu -L/usr/lib/../lib -L/usr/lib/gcc/x86_64-linux-gnu/11/../../.. CMakeFiles/cmTC_6e840.dir/CMakeCXXCompilerABI.cpp.o -lstdc++ -lm -lgcc_s -lgcc -lc -lgcc_s -lgcc /usr/lib/gcc/x86_64-linux-gnu/11/crtendS.o /usr/lib/gcc/x86_64-linux-gnu/11/../../../x86_64-linux-gnu/crtn.o]
    arg [/usr/lib/gcc/x86_64-linux-gnu/11/collect2] ==> ignore
    arg [-plugin] ==> ignore
    arg [/usr/lib/gcc/x86_64-linux-gnu/11/liblto_plugin.so] ==> ignore
    arg [-plugin-opt=/usr/lib/gcc/x86_64-linux-gnu/11/lto-wrapper] ==> ignore
    arg [-plugin-opt=-fresolution=/tmp/cc9cfWvG.res] ==> ignore
    arg [-plugin-opt=-pass-through=-lgcc_s] ==> ignore
    arg [-plugin-opt=-pass-through=-lgcc] ==> ignore
    arg [-plugin-opt=-pass-through=-lc] ==> ignore
    arg [-plugin-opt=-pass-through=-lgcc_s] ==> ignore
    arg [-plugin-opt=-pass-through=-lgcc] ==> ignore
    arg [--build-id] ==> ignore
    arg [--eh-frame-hdr] ==> ignore
    arg [-m] ==> ignore
    arg [elf_x86_64] ==> ignore
    arg [--hash-style=gnu] ==> ignore
    arg [--as-needed] ==> ignore
    arg [-dynamic-linker] ==> ignore
    arg [/lib64/ld-linux-x86-64.so.2] ==> ignore
    arg [-pie] ==> ignore
    arg [-znow] ==> ignore
    arg [-zrelro] ==> ignore
    arg [-o] ==> ignore
    arg [cmTC_6e840] ==> ignore
    arg [/usr/lib/gcc/x86_64-linux-gnu/11/../../../x86_64-linux-gnu/Scrt1.o] ==> obj [/usr/lib/gcc/x86_64-linux-gnu/11/../../../x86_64-linux-gnu/Scrt1.o]
    arg [/usr/lib/gcc/x86_64-linux-gnu/11/../../../x86_64-linux-gnu/crti.o] ==> obj [/usr/lib/gcc/x86_64-linux-gnu/11/../../../x86_64-linux-gnu/crti.o]
    arg [/usr/lib/gcc/x86_64-linux-gnu/11/crtbeginS.o] ==> obj [/usr/lib/gcc/x86_64-linux-gnu/11/crtbeginS.o]
    arg [-L/usr/lib/gcc/x86_64-linux-gnu/11] ==> dir [/usr/lib/gcc/x86_64-linux-gnu/11]
    arg [-L/usr/lib/gcc/x86_64-linux-gnu/11/../../../x86_64-linux-gnu] ==> dir [/usr/lib/gcc/x86_64-linux-gnu/11/../../../x86_64-linux-gnu]
    arg [-L/usr/lib/gcc/x86_64-linux-gnu/11/../../../../lib] ==> dir [/usr/lib/gcc/x86_64-linux-gnu/11/../../../../lib]
    arg [-L/lib/x86_64-linux-gnu] ==> dir [/lib/x86_64-linux-gnu]
    arg [-L/lib/../lib] ==> dir [/lib/../lib]
    arg [-L/usr/lib/x86_64-linux-gnu] ==> dir [/usr/lib/x86_64-linux-gnu]
    arg [-L/usr/lib/../lib] ==> dir [/usr/lib/../lib]
    arg [-L/usr/lib/gcc/x86_64-linux-gnu/11/../../..] ==> dir [/usr/lib/gcc/x86_64-linux-gnu/11/../../..]
    arg [CMakeFiles/cmTC_6e840.dir/CMakeCXXCompilerABI.cpp.o] ==> ignore
    arg [-lstdc++] ==> lib [stdc++]
    arg [-lm] ==> lib [m]
    arg [-lgcc_s] ==> lib [gcc_s]
    arg [-lgcc] ==> lib [gcc]
    arg [-lc] ==> lib [c]
    arg [-lgcc_s] ==> lib [gcc_s]
    arg [-lgcc] ==> lib [gcc]
    arg [/usr/lib/gcc/x86_64-linux-gnu/11/crtendS.o] ==> obj [/usr/lib/gcc/x86_64-linux-gnu/11/crtendS.o]
    arg [/usr/lib/gcc/x86_64-linux-gnu/11/../../../x86_64-linux-gnu/crtn.o] ==> obj [/usr/lib/gcc/x86_64-linux-gnu/11/../../../x86_64-linux-gnu/crtn.o]
  collapse obj [/usr/lib/gcc/x86_64-linux-gnu/11/../../../x86_64-linux-gnu/Scrt1.o] ==> [/usr/lib/x86_64-linux-gnu/Scrt1.o]
  collapse obj [/usr/lib/gcc/x86_64-linux-gnu/11/../../../x86_64-linux-gnu/crti.o] ==> [/usr/lib/x86_64-linux-gnu/crti.o]
  collapse obj [/usr/lib/gcc/x86_64-linux-gnu/11/../../../x86_64-linux-gnu/crtn.o] ==> [/usr/lib/x86_64-linux-gnu/crtn.o]
  collapse library dir [/usr/lib/gcc/x86_64-linux-gnu/11] ==> [/usr/lib/gcc/x86_64-linux-gnu/11]
  collapse library dir [/usr/lib/gcc/x86_64-linux-gnu/11/../../../x86_64-linux-gnu] ==> [/usr/lib/x86_64-linux-gnu]
  collapse library dir [/usr/lib/gcc/x86_64-linux-gnu/11/../../../../lib] ==> [/usr/lib]
  collapse library dir [/lib/x86_64-linux-gnu] ==> [/lib/x86_64-linux-gnu]
  collapse library dir [/lib/../lib] ==> [/lib]
  collapse library dir [/usr/lib/x86_64-linux-gnu] ==> [/usr/lib/x86_64-linux-gnu]
  collapse library dir [/usr/lib/../lib] ==> [/usr/lib]
  collapse library dir [/usr/lib/gcc/x86_64-linux-gnu/11/../../..] ==> [/usr/lib]
  implicit libs: [stdc++;m;gcc_s;gcc;c;gcc_s;gcc]
  implicit objs: [/usr/lib/x86_64-linux-gnu/Scrt1.o;/usr/lib/x86_64-linux-gnu/crti.o;/usr/lib/gcc/x86_64-linux-gnu/11/crtbeginS.o;/usr/lib/gcc/x86_64-linux-gnu/11/crtendS.o;/usr/lib/x86_64-linux-gnu/crtn.o]
  implicit dirs: [/usr/lib/gcc/x86_64-linux-gnu/11;/usr/lib/x86_64-linux-gnu;/usr/lib;/lib/x86_64-linux-gnu;/lib]
  implicit fwks: []


Determining if the include file pthread.h exists passed with the following output:
Change Dir: /root/FunASR/runtime/websocket/build/CMakeFiles/CMakeTmp

Run Build Command(s):/usr/bin/gmake -f Makefile cmTC_f08b2/fast && /usr/bin/gmake  -f CMakeFiles/cmTC_f08b2.dir/build.make CMakeFiles/cmTC_f08b2.dir/build
gmake[1]: Entering directory '/root/FunASR/runtime/websocket/build/CMakeFiles/CMakeTmp'
Building C object CMakeFiles/cmTC_f08b2.dir/CheckIncludeFile.c.o
/usr/bin/cc   -fPIE -o CMakeFiles/cmTC_f08b2.dir/CheckIncludeFile.c.o -c /root/FunASR/runtime/websocket/build/CMakeFiles/CMakeTmp/CheckIncludeFile.c
Linking C executable cmTC_f08b2
/usr/bin/cmake -E cmake_link_script CMakeFiles/cmTC_f08b2.dir/link.txt --verbose=1
/usr/bin/cc -rdynamic CMakeFiles/cmTC_f08b2.dir/CheckIncludeFile.c.o -o cmTC_f08b2 
gmake[1]: Leaving directory '/root/FunASR/runtime/websocket/build/CMakeFiles/CMakeTmp'



Performing C SOURCE FILE Test CMAKE_HAVE_LIBC_PTHREAD succeeded with the following output:
Change Dir: /root/FunASR/runtime/websocket/build/CMakeFiles/CMakeTmp

Run Build Command(s):/usr/bin/gmake -f Makefile cmTC_b2017/fast && /usr/bin/gmake  -f CMakeFiles/cmTC_b2017.dir/build.make CMakeFiles/cmTC_b2017.dir/build
gmake[1]: Entering directory '/root/FunASR/runtime/websocket/build/CMakeFiles/CMakeTmp'
Building C object CMakeFiles/cmTC_b2017.dir/src.c.o
/usr/bin/cc -DCMAKE_HAVE_LIBC_PTHREAD  -fPIE -o CMakeFiles/cmTC_b2017.dir/src.c.o -c /root/FunASR/runtime/websocket/build/CMakeFiles/CMakeTmp/src.c
Linking C executable cmTC_b2017
/usr/bin/cmake -E cmake_link_script CMakeFiles/cmTC_b2017.dir/link.txt --verbose=1
/usr/bin/cc CMakeFiles/cmTC_b2017.dir/src.c.o -o cmTC_b2017 
gmake[1]: Leaving directory '/root/FunASR/runtime/websocket/build/CMakeFiles/CMakeTmp'


Source file was:
#include <pthread.h>

static void* test_func(void* data)
{
  return data;
}

int main(void)
{
  pthread_t thread;
  pthread_create(&thread, NULL, test_func, NULL);
  pthread_detach(thread);
  pthread_cancel(thread);
  pthread_join(thread, NULL);
  pthread_atfork(NULL, NULL, NULL);
  pthread_exit(NULL);

  return 0;
}

Determining if the _Unwind_Backtrace exist passed with the following output:
Change Dir: /root/FunASR/runtime/websocket/build/CMakeFiles/CMakeTmp

Run Build Command(s):/usr/bin/gmake -f Makefile cmTC_bc486/fast && /usr/bin/gmake  -f CMakeFiles/cmTC_bc486.dir/build.make CMakeFiles/cmTC_bc486.dir/build
gmake[1]: Entering directory '/root/FunASR/runtime/websocket/build/CMakeFiles/CMakeTmp'
Building CXX object CMakeFiles/cmTC_bc486.dir/CheckSymbolExists.cxx.o
/usr/bin/c++   -pthread -fPIC  -fPIE -std=gnu++14 -o CMakeFiles/cmTC_bc486.dir/CheckSymbolExists.cxx.o -c /root/FunASR/runtime/websocket/build/CMakeFiles/CMakeTmp/CheckSymbolExists.cxx
Linking CXX executable cmTC_bc486
/usr/bin/cmake -E cmake_link_script CMakeFiles/cmTC_bc486.dir/link.txt --verbose=1
/usr/bin/c++  -pthread -fPIC  CMakeFiles/cmTC_bc486.dir/CheckSymbolExists.cxx.o -o cmTC_bc486 
gmake[1]: Leaving directory '/root/FunASR/runtime/websocket/build/CMakeFiles/CMakeTmp'


File /root/FunASR/runtime/websocket/build/CMakeFiles/CMakeTmp/CheckSymbolExists.cxx:
/* */
#include <unwind.h>

int main(int argc, char** argv)
{
  (void)argv;
#ifndef _Unwind_Backtrace
  return ((int*)(&_Unwind_Backtrace))[argc];
#else
  (void)argc;
  return 0;
#endif
}
Determining if the _Unwind_GetIP exist passed with the following output:
Change Dir: /root/FunASR/runtime/websocket/build/CMakeFiles/CMakeTmp

Run Build Command(s):/usr/bin/gmake -f Makefile cmTC_3d7eb/fast && /usr/bin/gmake  -f CMakeFiles/cmTC_3d7eb.dir/build.make CMakeFiles/cmTC_3d7eb.dir/build
gmake[1]: Entering directory '/root/FunASR/runtime/websocket/build/CMakeFiles/CMakeTmp'
Building CXX object CMakeFiles/cmTC_3d7eb.dir/CheckSymbolExists.cxx.o
/usr/bin/c++   -pthread -fPIC  -fPIE -std=gnu++14 -o CMakeFiles/cmTC_3d7eb.dir/CheckSymbolExists.cxx.o -c /root/FunASR/runtime/websocket/build/CMakeFiles/CMakeTmp/CheckSymbolExists.cxx
Linking CXX executable cmTC_3d7eb
/usr/bin/cmake -E cmake_link_script CMakeFiles/cmTC_3d7eb.dir/link.txt --verbose=1
/usr/bin/c++  -pthread -fPIC  CMakeFiles/cmTC_3d7eb.dir/CheckSymbolExists.cxx.o -o cmTC_3d7eb 
gmake[1]: Leaving directory '/root/FunASR/runtime/websocket/build/CMakeFiles/CMakeTmp'


File /root/FunASR/runtime/websocket/build/CMakeFiles/CMakeTmp/CheckSymbolExists.cxx:
/* */
#include <unwind.h>

int main(int argc, char** argv)
{
  (void)argv;
#ifndef _Unwind_GetIP
  return ((int*)(&_Unwind_GetIP))[argc];
#else
  (void)argc;
  return 0;
#endif
}
Determining if the include file dlfcn.h exists passed with the following output:
Change Dir: /root/FunASR/runtime/websocket/build/CMakeFiles/CMakeTmp

Run Build Command(s):/usr/bin/gmake -f Makefile cmTC_61edc/fast && /usr/bin/gmake  -f CMakeFiles/cmTC_61edc.dir/build.make CMakeFiles/cmTC_61edc.dir/build
gmake[1]: Entering directory '/root/FunASR/runtime/websocket/build/CMakeFiles/CMakeTmp'
Building CXX object CMakeFiles/cmTC_61edc.dir/CheckIncludeFile.cxx.o
/usr/bin/c++   -pthread -fPIC  -fPIE -o CMakeFiles/cmTC_61edc.dir/CheckIncludeFile.cxx.o -c /root/FunASR/runtime/websocket/build/CMakeFiles/CMakeTmp/CheckIncludeFile.cxx
Linking CXX executable cmTC_61edc
/usr/bin/cmake -E cmake_link_script CMakeFiles/cmTC_61edc.dir/link.txt --verbose=1
/usr/bin/c++  -pthread -fPIC  -rdynamic CMakeFiles/cmTC_61edc.dir/CheckIncludeFile.cxx.o -o cmTC_61edc 
gmake[1]: Leaving directory '/root/FunASR/runtime/websocket/build/CMakeFiles/CMakeTmp'



Determining if the include file glob.h exists passed with the following output:
Change Dir: /root/FunASR/runtime/websocket/build/CMakeFiles/CMakeTmp

Run Build Command(s):/usr/bin/gmake -f Makefile cmTC_42112/fast && /usr/bin/gmake  -f CMakeFiles/cmTC_42112.dir/build.make CMakeFiles/cmTC_42112.dir/build
gmake[1]: Entering directory '/root/FunASR/runtime/websocket/build/CMakeFiles/CMakeTmp'
Building CXX object CMakeFiles/cmTC_42112.dir/CheckIncludeFile.cxx.o
/usr/bin/c++   -pthread -fPIC  -fPIE -o CMakeFiles/cmTC_42112.dir/CheckIncludeFile.cxx.o -c /root/FunASR/runtime/websocket/build/CMakeFiles/CMakeTmp/CheckIncludeFile.cxx
Linking CXX executable cmTC_42112
/usr/bin/cmake -E cmake_link_script CMakeFiles/cmTC_42112.dir/link.txt --verbose=1
/usr/bin/c++  -pthread -fPIC  -rdynamic CMakeFiles/cmTC_42112.dir/CheckIncludeFile.cxx.o -o cmTC_42112 
gmake[1]: Leaving directory '/root/FunASR/runtime/websocket/build/CMakeFiles/CMakeTmp'



Determining if the include file memory.h exists passed with the following output:
Change Dir: /root/FunASR/runtime/websocket/build/CMakeFiles/CMakeTmp

Run Build Command(s):/usr/bin/gmake -f Makefile cmTC_bafe7/fast && /usr/bin/gmake  -f CMakeFiles/cmTC_bafe7.dir/build.make CMakeFiles/cmTC_bafe7.dir/build
gmake[1]: Entering directory '/root/FunASR/runtime/websocket/build/CMakeFiles/CMakeTmp'
Building CXX object CMakeFiles/cmTC_bafe7.dir/CheckIncludeFile.cxx.o
/usr/bin/c++   -pthread -fPIC  -fPIE -o CMakeFiles/cmTC_bafe7.dir/CheckIncludeFile.cxx.o -c /root/FunASR/runtime/websocket/build/CMakeFiles/CMakeTmp/CheckIncludeFile.cxx
Linking CXX executable cmTC_bafe7
/usr/bin/cmake -E cmake_link_script CMakeFiles/cmTC_bafe7.dir/link.txt --verbose=1
/usr/bin/c++  -pthread -fPIC  -rdynamic CMakeFiles/cmTC_bafe7.dir/CheckIncludeFile.cxx.o -o cmTC_bafe7 
gmake[1]: Leaving directory '/root/FunASR/runtime/websocket/build/CMakeFiles/CMakeTmp'



Determining if the include file pwd.h exists passed with the following output:
Change Dir: /root/FunASR/runtime/websocket/build/CMakeFiles/CMakeTmp

Run Build Command(s):/usr/bin/gmake -f Makefile cmTC_5ae62/fast && /usr/bin/gmake  -f CMakeFiles/cmTC_5ae62.dir/build.make CMakeFiles/cmTC_5ae62.dir/build
gmake[1]: Entering directory '/root/FunASR/runtime/websocket/build/CMakeFiles/CMakeTmp'
Building CXX object CMakeFiles/cmTC_5ae62.dir/CheckIncludeFile.cxx.o
/usr/bin/c++   -pthread -fPIC  -fPIE -o CMakeFiles/cmTC_5ae62.dir/CheckIncludeFile.cxx.o -c /root/FunASR/runtime/websocket/build/CMakeFiles/CMakeTmp/CheckIncludeFile.cxx
Linking CXX executable cmTC_5ae62
/usr/bin/cmake -E cmake_link_script CMakeFiles/cmTC_5ae62.dir/link.txt --verbose=1
/usr/bin/c++  -pthread -fPIC  -rdynamic CMakeFiles/cmTC_5ae62.dir/CheckIncludeFile.cxx.o -o cmTC_5ae62 
gmake[1]: Leaving directory '/root/FunASR/runtime/websocket/build/CMakeFiles/CMakeTmp'



Determining if the include file strings.h exists passed with the following output:
Change Dir: /root/FunASR/runtime/websocket/build/CMakeFiles/CMakeTmp

Run Build Command(s):/usr/bin/gmake -f Makefile cmTC_5991e/fast && /usr/bin/gmake  -f CMakeFiles/cmTC_5991e.dir/build.make CMakeFiles/cmTC_5991e.dir/build
gmake[1]: Entering directory '/root/FunASR/runtime/websocket/build/CMakeFiles/CMakeTmp'
Building CXX object CMakeFiles/cmTC_5991e.dir/CheckIncludeFile.cxx.o
/usr/bin/c++   -pthread -fPIC  -fPIE -o CMakeFiles/cmTC_5991e.dir/CheckIncludeFile.cxx.o -c /root/FunASR/runtime/websocket/build/CMakeFiles/CMakeTmp/CheckIncludeFile.cxx
Linking CXX executable cmTC_5991e
/usr/bin/cmake -E cmake_link_script CMakeFiles/cmTC_5991e.dir/link.txt --verbose=1
/usr/bin/c++  -pthread -fPIC  -rdynamic CMakeFiles/cmTC_5991e.dir/CheckIncludeFile.cxx.o -o cmTC_5991e 
gmake[1]: Leaving directory '/root/FunASR/runtime/websocket/build/CMakeFiles/CMakeTmp'



Determining if the include file sys/stat.h exists passed with the following output:
Change Dir: /root/FunASR/runtime/websocket/build/CMakeFiles/CMakeTmp

Run Build Command(s):/usr/bin/gmake -f Makefile cmTC_4cdfe/fast && /usr/bin/gmake  -f CMakeFiles/cmTC_4cdfe.dir/build.make CMakeFiles/cmTC_4cdfe.dir/build
gmake[1]: Entering directory '/root/FunASR/runtime/websocket/build/CMakeFiles/CMakeTmp'
Building CXX object CMakeFiles/cmTC_4cdfe.dir/CheckIncludeFile.cxx.o
/usr/bin/c++   -pthread -fPIC  -fPIE -o CMakeFiles/cmTC_4cdfe.dir/CheckIncludeFile.cxx.o -c /root/FunASR/runtime/websocket/build/CMakeFiles/CMakeTmp/CheckIncludeFile.cxx
Linking CXX executable cmTC_4cdfe
/usr/bin/cmake -E cmake_link_script CMakeFiles/cmTC_4cdfe.dir/link.txt --verbose=1
/usr/bin/c++  -pthread -fPIC  -rdynamic CMakeFiles/cmTC_4cdfe.dir/CheckIncludeFile.cxx.o -o cmTC_4cdfe 
gmake[1]: Leaving directory '/root/FunASR/runtime/websocket/build/CMakeFiles/CMakeTmp'



Determining if the include file sys/syscall.h exists passed with the following output:
Change Dir: /root/FunASR/runtime/websocket/build/CMakeFiles/CMakeTmp

Run Build Command(s):/usr/bin/gmake -f Makefile cmTC_7acdf/fast && /usr/bin/gmake  -f CMakeFiles/cmTC_7acdf.dir/build.make CMakeFiles/cmTC_7acdf.dir/build
gmake[1]: Entering directory '/root/FunASR/runtime/websocket/build/CMakeFiles/CMakeTmp'
Building CXX object CMakeFiles/cmTC_7acdf.dir/CheckIncludeFile.cxx.o
/usr/bin/c++   -pthread -fPIC  -fPIE -o CMakeFiles/cmTC_7acdf.dir/CheckIncludeFile.cxx.o -c /root/FunASR/runtime/websocket/build/CMakeFiles/CMakeTmp/CheckIncludeFile.cxx
Linking CXX executable cmTC_7acdf
/usr/bin/cmake -E cmake_link_script CMakeFiles/cmTC_7acdf.dir/link.txt --verbose=1
/usr/bin/c++  -pthread -fPIC  -rdynamic CMakeFiles/cmTC_7acdf.dir/CheckIncludeFile.cxx.o -o cmTC_7acdf 
gmake[1]: Leaving directory '/root/FunASR/runtime/websocket/build/CMakeFiles/CMakeTmp'



Determining if the include file sys/time.h exists passed with the following output:
Change Dir: /root/FunASR/runtime/websocket/build/CMakeFiles/CMakeTmp

Run Build Command(s):/usr/bin/gmake -f Makefile cmTC_7bc1e/fast && /usr/bin/gmake  -f CMakeFiles/cmTC_7bc1e.dir/build.make CMakeFiles/cmTC_7bc1e.dir/build
gmake[1]: Entering directory '/root/FunASR/runtime/websocket/build/CMakeFiles/CMakeTmp'
Building CXX object CMakeFiles/cmTC_7bc1e.dir/CheckIncludeFile.cxx.o
/usr/bin/c++   -pthread -fPIC  -fPIE -o CMakeFiles/cmTC_7bc1e.dir/CheckIncludeFile.cxx.o -c /root/FunASR/runtime/websocket/build/CMakeFiles/CMakeTmp/CheckIncludeFile.cxx
Linking CXX executable cmTC_7bc1e
/usr/bin/cmake -E cmake_link_script CMakeFiles/cmTC_7bc1e.dir/link.txt --verbose=1
/usr/bin/c++  -pthread -fPIC  -rdynamic CMakeFiles/cmTC_7bc1e.dir/CheckIncludeFile.cxx.o -o cmTC_7bc1e 
gmake[1]: Leaving directory '/root/FunASR/runtime/websocket/build/CMakeFiles/CMakeTmp'



Determining if the include file sys/types.h exists passed with the following output:
Change Dir: /root/FunASR/runtime/websocket/build/CMakeFiles/CMakeTmp

Run Build Command(s):/usr/bin/gmake -f Makefile cmTC_cc113/fast && /usr/bin/gmake  -f CMakeFiles/cmTC_cc113.dir/build.make CMakeFiles/cmTC_cc113.dir/build
gmake[1]: Entering directory '/root/FunASR/runtime/websocket/build/CMakeFiles/CMakeTmp'
Building CXX object CMakeFiles/cmTC_cc113.dir/CheckIncludeFile.cxx.o
/usr/bin/c++   -pthread -fPIC  -fPIE -o CMakeFiles/cmTC_cc113.dir/CheckIncludeFile.cxx.o -c /root/FunASR/runtime/websocket/build/CMakeFiles/CMakeTmp/CheckIncludeFile.cxx
Linking CXX executable cmTC_cc113
/usr/bin/cmake -E cmake_link_script CMakeFiles/cmTC_cc113.dir/link.txt --verbose=1
/usr/bin/c++  -pthread -fPIC  -rdynamic CMakeFiles/cmTC_cc113.dir/CheckIncludeFile.cxx.o -o cmTC_cc113 
gmake[1]: Leaving directory '/root/FunASR/runtime/websocket/build/CMakeFiles/CMakeTmp'



Determining if the include file sys/utsname.h exists passed with the following output:
Change Dir: /root/FunASR/runtime/websocket/build/CMakeFiles/CMakeTmp

Run Build Command(s):/usr/bin/gmake -f Makefile cmTC_8ab5b/fast && /usr/bin/gmake  -f CMakeFiles/cmTC_8ab5b.dir/build.make CMakeFiles/cmTC_8ab5b.dir/build
gmake[1]: Entering directory '/root/FunASR/runtime/websocket/build/CMakeFiles/CMakeTmp'
Building CXX object CMakeFiles/cmTC_8ab5b.dir/CheckIncludeFile.cxx.o
/usr/bin/c++   -pthread -fPIC  -fPIE -o CMakeFiles/cmTC_8ab5b.dir/CheckIncludeFile.cxx.o -c /root/FunASR/runtime/websocket/build/CMakeFiles/CMakeTmp/CheckIncludeFile.cxx
Linking CXX executable cmTC_8ab5b
/usr/bin/cmake -E cmake_link_script CMakeFiles/cmTC_8ab5b.dir/link.txt --verbose=1
/usr/bin/c++  -pthread -fPIC  -rdynamic CMakeFiles/cmTC_8ab5b.dir/CheckIncludeFile.cxx.o -o cmTC_8ab5b 
gmake[1]: Leaving directory '/root/FunASR/runtime/websocket/build/CMakeFiles/CMakeTmp'



Determining if the include file sys/wait.h exists passed with the following output:
Change Dir: /root/FunASR/runtime/websocket/build/CMakeFiles/CMakeTmp

Run Build Command(s):/usr/bin/gmake -f Makefile cmTC_36951/fast && /usr/bin/gmake  -f CMakeFiles/cmTC_36951.dir/build.make CMakeFiles/cmTC_36951.dir/build
gmake[1]: Entering directory '/root/FunASR/runtime/websocket/build/CMakeFiles/CMakeTmp'
Building CXX object CMakeFiles/cmTC_36951.dir/CheckIncludeFile.cxx.o
/usr/bin/c++   -pthread -fPIC  -fPIE -o CMakeFiles/cmTC_36951.dir/CheckIncludeFile.cxx.o -c /root/FunASR/runtime/websocket/build/CMakeFiles/CMakeTmp/CheckIncludeFile.cxx
Linking CXX executable cmTC_36951
/usr/bin/cmake -E cmake_link_script CMakeFiles/cmTC_36951.dir/link.txt --verbose=1
/usr/bin/c++  -pthread -fPIC  -rdynamic CMakeFiles/cmTC_36951.dir/CheckIncludeFile.cxx.o -o cmTC_36951 
gmake[1]: Leaving directory '/root/FunASR/runtime/websocket/build/CMakeFiles/CMakeTmp'



Determining if the include file syscall.h exists passed with the following output:
Change Dir: /root/FunASR/runtime/websocket/build/CMakeFiles/CMakeTmp

Run Build Command(s):/usr/bin/gmake -f Makefile cmTC_0cbdf/fast && /usr/bin/gmake  -f CMakeFiles/cmTC_0cbdf.dir/build.make CMakeFiles/cmTC_0cbdf.dir/build
gmake[1]: Entering directory '/root/FunASR/runtime/websocket/build/CMakeFiles/CMakeTmp'
Building CXX object CMakeFiles/cmTC_0cbdf.dir/CheckIncludeFile.cxx.o
/usr/bin/c++   -pthread -fPIC  -fPIE -o CMakeFiles/cmTC_0cbdf.dir/CheckIncludeFile.cxx.o -c /root/FunASR/runtime/websocket/build/CMakeFiles/CMakeTmp/CheckIncludeFile.cxx
Linking CXX executable cmTC_0cbdf
/usr/bin/cmake -E cmake_link_script CMakeFiles/cmTC_0cbdf.dir/link.txt --verbose=1
/usr/bin/c++  -pthread -fPIC  -rdynamic CMakeFiles/cmTC_0cbdf.dir/CheckIncludeFile.cxx.o -o cmTC_0cbdf 
gmake[1]: Leaving directory '/root/FunASR/runtime/websocket/build/CMakeFiles/CMakeTmp'



Determining if the include file syslog.h exists passed with the following output:
Change Dir: /root/FunASR/runtime/websocket/build/CMakeFiles/CMakeTmp

Run Build Command(s):/usr/bin/gmake -f Makefile cmTC_26094/fast && /usr/bin/gmake  -f CMakeFiles/cmTC_26094.dir/build.make CMakeFiles/cmTC_26094.dir/build
gmake[1]: Entering directory '/root/FunASR/runtime/websocket/build/CMakeFiles/CMakeTmp'
Building CXX object CMakeFiles/cmTC_26094.dir/CheckIncludeFile.cxx.o
/usr/bin/c++   -pthread -fPIC  -fPIE -o CMakeFiles/cmTC_26094.dir/CheckIncludeFile.cxx.o -c /root/FunASR/runtime/websocket/build/CMakeFiles/CMakeTmp/CheckIncludeFile.cxx
Linking CXX executable cmTC_26094
/usr/bin/cmake -E cmake_link_script CMakeFiles/cmTC_26094.dir/link.txt --verbose=1
/usr/bin/c++  -pthread -fPIC  -rdynamic CMakeFiles/cmTC_26094.dir/CheckIncludeFile.cxx.o -o cmTC_26094 
gmake[1]: Leaving directory '/root/FunASR/runtime/websocket/build/CMakeFiles/CMakeTmp'



Determining if the include file ucontext.h exists passed with the following output:
Change Dir: /root/FunASR/runtime/websocket/build/CMakeFiles/CMakeTmp

Run Build Command(s):/usr/bin/gmake -f Makefile cmTC_1a9d0/fast && /usr/bin/gmake  -f CMakeFiles/cmTC_1a9d0.dir/build.make CMakeFiles/cmTC_1a9d0.dir/build
gmake[1]: Entering directory '/root/FunASR/runtime/websocket/build/CMakeFiles/CMakeTmp'
Building CXX object CMakeFiles/cmTC_1a9d0.dir/CheckIncludeFile.cxx.o
/usr/bin/c++   -pthread -fPIC  -fPIE -o CMakeFiles/cmTC_1a9d0.dir/CheckIncludeFile.cxx.o -c /root/FunASR/runtime/websocket/build/CMakeFiles/CMakeTmp/CheckIncludeFile.cxx
Linking CXX executable cmTC_1a9d0
/usr/bin/cmake -E cmake_link_script CMakeFiles/cmTC_1a9d0.dir/link.txt --verbose=1
/usr/bin/c++  -pthread -fPIC  -rdynamic CMakeFiles/cmTC_1a9d0.dir/CheckIncludeFile.cxx.o -o cmTC_1a9d0 
gmake[1]: Leaving directory '/root/FunASR/runtime/websocket/build/CMakeFiles/CMakeTmp'



Determining if the include file unistd.h exists passed with the following output:
Change Dir: /root/FunASR/runtime/websocket/build/CMakeFiles/CMakeTmp

Run Build Command(s):/usr/bin/gmake -f Makefile cmTC_f7482/fast && /usr/bin/gmake  -f CMakeFiles/cmTC_f7482.dir/build.make CMakeFiles/cmTC_f7482.dir/build
gmake[1]: Entering directory '/root/FunASR/runtime/websocket/build/CMakeFiles/CMakeTmp'
Building CXX object CMakeFiles/cmTC_f7482.dir/CheckIncludeFile.cxx.o
/usr/bin/c++   -pthread -fPIC  -fPIE -o CMakeFiles/cmTC_f7482.dir/CheckIncludeFile.cxx.o -c /root/FunASR/runtime/websocket/build/CMakeFiles/CMakeTmp/CheckIncludeFile.cxx
Linking CXX executable cmTC_f7482
/usr/bin/cmake -E cmake_link_script CMakeFiles/cmTC_f7482.dir/link.txt --verbose=1
/usr/bin/c++  -pthread -fPIC  -rdynamic CMakeFiles/cmTC_f7482.dir/CheckIncludeFile.cxx.o -o cmTC_f7482 
gmake[1]: Leaving directory '/root/FunASR/runtime/websocket/build/CMakeFiles/CMakeTmp'



Determining if the include file stdint.h exists passed with the following output:
Change Dir: /root/FunASR/runtime/websocket/build/CMakeFiles/CMakeTmp

Run Build Command(s):/usr/bin/gmake -f Makefile cmTC_c028f/fast && /usr/bin/gmake  -f CMakeFiles/cmTC_c028f.dir/build.make CMakeFiles/cmTC_c028f.dir/build
gmake[1]: Entering directory '/root/FunASR/runtime/websocket/build/CMakeFiles/CMakeTmp'
Building CXX object CMakeFiles/cmTC_c028f.dir/CheckIncludeFile.cxx.o
/usr/bin/c++   -pthread -fPIC  -fPIE -o CMakeFiles/cmTC_c028f.dir/CheckIncludeFile.cxx.o -c /root/FunASR/runtime/websocket/build/CMakeFiles/CMakeTmp/CheckIncludeFile.cxx
Linking CXX executable cmTC_c028f
/usr/bin/cmake -E cmake_link_script CMakeFiles/cmTC_c028f.dir/link.txt --verbose=1
/usr/bin/c++  -pthread -fPIC  -rdynamic CMakeFiles/cmTC_c028f.dir/CheckIncludeFile.cxx.o -o cmTC_c028f 
gmake[1]: Leaving directory '/root/FunASR/runtime/websocket/build/CMakeFiles/CMakeTmp'



Determining if the include file stddef.h exists passed with the following output:
Change Dir: /root/FunASR/runtime/websocket/build/CMakeFiles/CMakeTmp

Run Build Command(s):/usr/bin/gmake -f Makefile cmTC_5e6b6/fast && /usr/bin/gmake  -f CMakeFiles/cmTC_5e6b6.dir/build.make CMakeFiles/cmTC_5e6b6.dir/build
gmake[1]: Entering directory '/root/FunASR/runtime/websocket/build/CMakeFiles/CMakeTmp'
Building CXX object CMakeFiles/cmTC_5e6b6.dir/CheckIncludeFile.cxx.o
/usr/bin/c++   -pthread -fPIC  -fPIE -o CMakeFiles/cmTC_5e6b6.dir/CheckIncludeFile.cxx.o -c /root/FunASR/runtime/websocket/build/CMakeFiles/CMakeTmp/CheckIncludeFile.cxx
Linking CXX executable cmTC_5e6b6
/usr/bin/cmake -E cmake_link_script CMakeFiles/cmTC_5e6b6.dir/link.txt --verbose=1
/usr/bin/c++  -pthread -fPIC  -rdynamic CMakeFiles/cmTC_5e6b6.dir/CheckIncludeFile.cxx.o -o cmTC_5e6b6 
gmake[1]: Leaving directory '/root/FunASR/runtime/websocket/build/CMakeFiles/CMakeTmp'



Determining size of mode_t passed with the following output:
Change Dir: /root/FunASR/runtime/websocket/build/CMakeFiles/CMakeTmp

Run Build Command(s):/usr/bin/gmake -f Makefile cmTC_e792e/fast && /usr/bin/gmake  -f CMakeFiles/cmTC_e792e.dir/build.make CMakeFiles/cmTC_e792e.dir/build
gmake[1]: Entering directory '/root/FunASR/runtime/websocket/build/CMakeFiles/CMakeTmp'
Building CXX object CMakeFiles/cmTC_e792e.dir/HAVE_MODE_T.cpp.o
/usr/bin/c++   -pthread -fPIC  -fPIE -o CMakeFiles/cmTC_e792e.dir/HAVE_MODE_T.cpp.o -c /root/FunASR/runtime/websocket/build/CMakeFiles/CheckTypeSize/HAVE_MODE_T.cpp
Linking CXX executable cmTC_e792e
/usr/bin/cmake -E cmake_link_script CMakeFiles/cmTC_e792e.dir/link.txt --verbose=1
/usr/bin/c++  -pthread -fPIC  -rdynamic CMakeFiles/cmTC_e792e.dir/HAVE_MODE_T.cpp.o -o cmTC_e792e 
gmake[1]: Leaving directory '/root/FunASR/runtime/websocket/build/CMakeFiles/CMakeTmp'



Determining size of ssize_t passed with the following output:
Change Dir: /root/FunASR/runtime/websocket/build/CMakeFiles/CMakeTmp

Run Build Command(s):/usr/bin/gmake -f Makefile cmTC_96417/fast && /usr/bin/gmake  -f CMakeFiles/cmTC_96417.dir/build.make CMakeFiles/cmTC_96417.dir/build
gmake[1]: Entering directory '/root/FunASR/runtime/websocket/build/CMakeFiles/CMakeTmp'
Building CXX object CMakeFiles/cmTC_96417.dir/HAVE_SSIZE_T.cpp.o
/usr/bin/c++   -pthread -fPIC  -fPIE -o CMakeFiles/cmTC_96417.dir/HAVE_SSIZE_T.cpp.o -c /root/FunASR/runtime/websocket/build/CMakeFiles/CheckTypeSize/HAVE_SSIZE_T.cpp
Linking CXX executable cmTC_96417
/usr/bin/cmake -E cmake_link_script CMakeFiles/cmTC_96417.dir/link.txt --verbose=1
/usr/bin/c++  -pthread -fPIC  -rdynamic CMakeFiles/cmTC_96417.dir/HAVE_SSIZE_T.cpp.o -o cmTC_96417 
gmake[1]: Leaving directory '/root/FunASR/runtime/websocket/build/CMakeFiles/CMakeTmp'



Determining if the function dladdr exists passed with the following output:
Change Dir: /root/FunASR/runtime/websocket/build/CMakeFiles/CMakeTmp

Run Build Command(s):/usr/bin/gmake -f Makefile cmTC_47ab4/fast && /usr/bin/gmake  -f CMakeFiles/cmTC_47ab4.dir/build.make CMakeFiles/cmTC_47ab4.dir/build
gmake[1]: Entering directory '/root/FunASR/runtime/websocket/build/CMakeFiles/CMakeTmp'
Building C object CMakeFiles/cmTC_47ab4.dir/CheckFunctionExists.c.o
/usr/bin/cc   -DCHECK_FUNCTION_EXISTS=dladdr -fPIE -o CMakeFiles/cmTC_47ab4.dir/CheckFunctionExists.c.o -c /usr/share/cmake-3.22/Modules/CheckFunctionExists.c
Linking C executable cmTC_47ab4
/usr/bin/cmake -E cmake_link_script CMakeFiles/cmTC_47ab4.dir/link.txt --verbose=1
/usr/bin/cc  -DCHECK_FUNCTION_EXISTS=dladdr CMakeFiles/cmTC_47ab4.dir/CheckFunctionExists.c.o -o cmTC_47ab4 
gmake[1]: Leaving directory '/root/FunASR/runtime/websocket/build/CMakeFiles/CMakeTmp'



Determining if the function fcntl exists passed with the following output:
Change Dir: /root/FunASR/runtime/websocket/build/CMakeFiles/CMakeTmp

Run Build Command(s):/usr/bin/gmake -f Makefile cmTC_d3446/fast && /usr/bin/gmake  -f CMakeFiles/cmTC_d3446.dir/build.make CMakeFiles/cmTC_d3446.dir/build
gmake[1]: Entering directory '/root/FunASR/runtime/websocket/build/CMakeFiles/CMakeTmp'
Building C object CMakeFiles/cmTC_d3446.dir/CheckFunctionExists.c.o
/usr/bin/cc   -DCHECK_FUNCTION_EXISTS=fcntl -fPIE -o CMakeFiles/cmTC_d3446.dir/CheckFunctionExists.c.o -c /usr/share/cmake-3.22/Modules/CheckFunctionExists.c
Linking C executable cmTC_d3446
/usr/bin/cmake -E cmake_link_script CMakeFiles/cmTC_d3446.dir/link.txt --verbose=1
/usr/bin/cc  -DCHECK_FUNCTION_EXISTS=fcntl CMakeFiles/cmTC_d3446.dir/CheckFunctionExists.c.o -o cmTC_d3446 
gmake[1]: Leaving directory '/root/FunASR/runtime/websocket/build/CMakeFiles/CMakeTmp'



Determining if the function pread exists passed with the following output:
Change Dir: /root/FunASR/runtime/websocket/build/CMakeFiles/CMakeTmp

Run Build Command(s):/usr/bin/gmake -f Makefile cmTC_3a993/fast && /usr/bin/gmake  -f CMakeFiles/cmTC_3a993.dir/build.make CMakeFiles/cmTC_3a993.dir/build
gmake[1]: Entering directory '/root/FunASR/runtime/websocket/build/CMakeFiles/CMakeTmp'
Building C object CMakeFiles/cmTC_3a993.dir/CheckFunctionExists.c.o
/usr/bin/cc   -DCHECK_FUNCTION_EXISTS=pread -fPIE -o CMakeFiles/cmTC_3a993.dir/CheckFunctionExists.c.o -c /usr/share/cmake-3.22/Modules/CheckFunctionExists.c
Linking C executable cmTC_3a993
/usr/bin/cmake -E cmake_link_script CMakeFiles/cmTC_3a993.dir/link.txt --verbose=1
/usr/bin/cc  -DCHECK_FUNCTION_EXISTS=pread CMakeFiles/cmTC_3a993.dir/CheckFunctionExists.c.o -o cmTC_3a993 
gmake[1]: Leaving directory '/root/FunASR/runtime/websocket/build/CMakeFiles/CMakeTmp'



Determining if the function pwrite exists passed with the following output:
Change Dir: /root/FunASR/runtime/websocket/build/CMakeFiles/CMakeTmp

Run Build Command(s):/usr/bin/gmake -f Makefile cmTC_0f282/fast && /usr/bin/gmake  -f CMakeFiles/cmTC_0f282.dir/build.make CMakeFiles/cmTC_0f282.dir/build
gmake[1]: Entering directory '/root/FunASR/runtime/websocket/build/CMakeFiles/CMakeTmp'
Building C object CMakeFiles/cmTC_0f282.dir/CheckFunctionExists.c.o
/usr/bin/cc   -DCHECK_FUNCTION_EXISTS=pwrite -fPIE -o CMakeFiles/cmTC_0f282.dir/CheckFunctionExists.c.o -c /usr/share/cmake-3.22/Modules/CheckFunctionExists.c
Linking C executable cmTC_0f282
/usr/bin/cmake -E cmake_link_script CMakeFiles/cmTC_0f282.dir/link.txt --verbose=1
/usr/bin/cc  -DCHECK_FUNCTION_EXISTS=pwrite CMakeFiles/cmTC_0f282.dir/CheckFunctionExists.c.o -o cmTC_0f282 
gmake[1]: Leaving directory '/root/FunASR/runtime/websocket/build/CMakeFiles/CMakeTmp'



Determining if the function sigaction exists passed with the following output:
Change Dir: /root/FunASR/runtime/websocket/build/CMakeFiles/CMakeTmp

Run Build Command(s):/usr/bin/gmake -f Makefile cmTC_4eaeb/fast && /usr/bin/gmake  -f CMakeFiles/cmTC_4eaeb.dir/build.make CMakeFiles/cmTC_4eaeb.dir/build
gmake[1]: Entering directory '/root/FunASR/runtime/websocket/build/CMakeFiles/CMakeTmp'
Building C object CMakeFiles/cmTC_4eaeb.dir/CheckFunctionExists.c.o
/usr/bin/cc   -DCHECK_FUNCTION_EXISTS=sigaction -fPIE -o CMakeFiles/cmTC_4eaeb.dir/CheckFunctionExists.c.o -c /usr/share/cmake-3.22/Modules/CheckFunctionExists.c
Linking C executable cmTC_4eaeb
/usr/bin/cmake -E cmake_link_script CMakeFiles/cmTC_4eaeb.dir/link.txt --verbose=1
/usr/bin/cc  -DCHECK_FUNCTION_EXISTS=sigaction CMakeFiles/cmTC_4eaeb.dir/CheckFunctionExists.c.o -o cmTC_4eaeb 
gmake[1]: Leaving directory '/root/FunASR/runtime/websocket/build/CMakeFiles/CMakeTmp'



Determining if the function sigaltstack exists passed with the following output:
Change Dir: /root/FunASR/runtime/websocket/build/CMakeFiles/CMakeTmp

Run Build Command(s):/usr/bin/gmake -f Makefile cmTC_9366c/fast && /usr/bin/gmake  -f CMakeFiles/cmTC_9366c.dir/build.make CMakeFiles/cmTC_9366c.dir/build
gmake[1]: Entering directory '/root/FunASR/runtime/websocket/build/CMakeFiles/CMakeTmp'
Building C object CMakeFiles/cmTC_9366c.dir/CheckFunctionExists.c.o
/usr/bin/cc   -DCHECK_FUNCTION_EXISTS=sigaltstack -fPIE -o CMakeFiles/cmTC_9366c.dir/CheckFunctionExists.c.o -c /usr/share/cmake-3.22/Modules/CheckFunctionExists.c
Linking C executable cmTC_9366c
/usr/bin/cmake -E cmake_link_script CMakeFiles/cmTC_9366c.dir/link.txt --verbose=1
/usr/bin/cc  -DCHECK_FUNCTION_EXISTS=sigaltstack CMakeFiles/cmTC_9366c.dir/CheckFunctionExists.c.o -o cmTC_9366c 
gmake[1]: Leaving directory '/root/FunASR/runtime/websocket/build/CMakeFiles/CMakeTmp'



Determining if the backtrace exist passed with the following output:
Change Dir: /root/FunASR/runtime/websocket/build/CMakeFiles/CMakeTmp

Run Build Command(s):/usr/bin/gmake -f Makefile cmTC_a7346/fast && /usr/bin/gmake  -f CMakeFiles/cmTC_a7346.dir/build.make CMakeFiles/cmTC_a7346.dir/build
gmake[1]: Entering directory '/root/FunASR/runtime/websocket/build/CMakeFiles/CMakeTmp'
Building CXX object CMakeFiles/cmTC_a7346.dir/CheckSymbolExists.cxx.o
/usr/bin/c++   -pthread -fPIC  -fPIE -std=gnu++14 -o CMakeFiles/cmTC_a7346.dir/CheckSymbolExists.cxx.o -c /root/FunASR/runtime/websocket/build/CMakeFiles/CMakeTmp/CheckSymbolExists.cxx
Linking CXX executable cmTC_a7346
/usr/bin/cmake -E cmake_link_script CMakeFiles/cmTC_a7346.dir/link.txt --verbose=1
/usr/bin/c++  -pthread -fPIC  CMakeFiles/cmTC_a7346.dir/CheckSymbolExists.cxx.o -o cmTC_a7346 
gmake[1]: Leaving directory '/root/FunASR/runtime/websocket/build/CMakeFiles/CMakeTmp'


File /root/FunASR/runtime/websocket/build/CMakeFiles/CMakeTmp/CheckSymbolExists.cxx:
/* */
#include <execinfo.h>

int main(int argc, char** argv)
{
  (void)argv;
#ifndef backtrace
  return ((int*)(&backtrace))[argc];
#else
  (void)argc;
  return 0;
#endif
}
Determining if the backtrace_symbols exist passed with the following output:
Change Dir: /root/FunASR/runtime/websocket/build/CMakeFiles/CMakeTmp

Run Build Command(s):/usr/bin/gmake -f Makefile cmTC_9a44c/fast && /usr/bin/gmake  -f CMakeFiles/cmTC_9a44c.dir/build.make CMakeFiles/cmTC_9a44c.dir/build
gmake[1]: Entering directory '/root/FunASR/runtime/websocket/build/CMakeFiles/CMakeTmp'
Building CXX object CMakeFiles/cmTC_9a44c.dir/CheckSymbolExists.cxx.o
/usr/bin/c++   -pthread -fPIC  -fPIE -std=gnu++14 -o CMakeFiles/cmTC_9a44c.dir/CheckSymbolExists.cxx.o -c /root/FunASR/runtime/websocket/build/CMakeFiles/CMakeTmp/CheckSymbolExists.cxx
Linking CXX executable cmTC_9a44c
/usr/bin/cmake -E cmake_link_script CMakeFiles/cmTC_9a44c.dir/link.txt --verbose=1
/usr/bin/c++  -pthread -fPIC  CMakeFiles/cmTC_9a44c.dir/CheckSymbolExists.cxx.o -o cmTC_9a44c 
gmake[1]: Leaving directory '/root/FunASR/runtime/websocket/build/CMakeFiles/CMakeTmp'


File /root/FunASR/runtime/websocket/build/CMakeFiles/CMakeTmp/CheckSymbolExists.cxx:
/* */
#include <execinfo.h>

int main(int argc, char** argv)
{
  (void)argv;
#ifndef backtrace_symbols
  return ((int*)(&backtrace_symbols))[argc];
#else
  (void)argc;
  return 0;
#endif
}
Performing C++ SOURCE FILE Test HAVE_NO_DEPRECATED succeeded with the following output:
Change Dir: /root/FunASR/runtime/websocket/build/CMakeFiles/CMakeTmp

Run Build Command(s):/usr/bin/gmake -f Makefile cmTC_5d00e/fast && /usr/bin/gmake  -f CMakeFiles/cmTC_5d00e.dir/build.make CMakeFiles/cmTC_5d00e.dir/build
gmake[1]: Entering directory '/root/FunASR/runtime/websocket/build/CMakeFiles/CMakeTmp'
Building CXX object CMakeFiles/cmTC_5d00e.dir/src.cxx.o
/usr/bin/c++ -DHAVE_NO_DEPRECATED  -pthread -fPIC  -fPIE   -Wdeprecated -std=gnu++14 -o CMakeFiles/cmTC_5d00e.dir/src.cxx.o -c /root/FunASR/runtime/websocket/build/CMakeFiles/CMakeTmp/src.cxx
Linking CXX executable cmTC_5d00e
/usr/bin/cmake -E cmake_link_script CMakeFiles/cmTC_5d00e.dir/link.txt --verbose=1
/usr/bin/c++  -pthread -fPIC  CMakeFiles/cmTC_5d00e.dir/src.cxx.o -o cmTC_5d00e 
gmake[1]: Leaving directory '/root/FunASR/runtime/websocket/build/CMakeFiles/CMakeTmp'


Source file was:
int main() { return 0; }
Determining if the snprintf exist passed with the following output:
Change Dir: /root/FunASR/runtime/websocket/build/CMakeFiles/CMakeTmp

Run Build Command(s):/usr/bin/gmake -f Makefile cmTC_0909b/fast && /usr/bin/gmake  -f CMakeFiles/cmTC_0909b.dir/build.make CMakeFiles/cmTC_0909b.dir/build
gmake[1]: Entering directory '/root/FunASR/runtime/websocket/build/CMakeFiles/CMakeTmp'
Building CXX object CMakeFiles/cmTC_0909b.dir/CheckSymbolExists.cxx.o
/usr/bin/c++   -pthread -fPIC  -fPIE -std=gnu++14 -o CMakeFiles/cmTC_0909b.dir/CheckSymbolExists.cxx.o -c /root/FunASR/runtime/websocket/build/CMakeFiles/CMakeTmp/CheckSymbolExists.cxx
Linking CXX executable cmTC_0909b
/usr/bin/cmake -E cmake_link_script CMakeFiles/cmTC_0909b.dir/link.txt --verbose=1
/usr/bin/c++  -pthread -fPIC  CMakeFiles/cmTC_0909b.dir/CheckSymbolExists.cxx.o -o cmTC_0909b 
gmake[1]: Leaving directory '/root/FunASR/runtime/websocket/build/CMakeFiles/CMakeTmp'


File /root/FunASR/runtime/websocket/build/CMakeFiles/CMakeTmp/CheckSymbolExists.cxx:
/* */
#include <cstdio>

int main(int argc, char** argv)
{
  (void)argv;
#ifndef snprintf
  return ((int*)(&snprintf))[argc];
#else
  (void)argc;
  return 0;
#endif
}
Performing C++ SOURCE FILE Test HAVE___ATTRIBUTE__ succeeded with the following output:
Change Dir: /root/FunASR/runtime/websocket/build/CMakeFiles/CMakeTmp

Run Build Command(s):/usr/bin/gmake -f Makefile cmTC_01ae1/fast && /usr/bin/gmake  -f CMakeFiles/cmTC_01ae1.dir/build.make CMakeFiles/cmTC_01ae1.dir/build
gmake[1]: Entering directory '/root/FunASR/runtime/websocket/build/CMakeFiles/CMakeTmp'
Building CXX object CMakeFiles/cmTC_01ae1.dir/src.cxx.o
/usr/bin/c++ -DHAVE___ATTRIBUTE__  -pthread -fPIC  -fPIE -std=gnu++14 -o CMakeFiles/cmTC_01ae1.dir/src.cxx.o -c /root/FunASR/runtime/websocket/build/CMakeFiles/CMakeTmp/src.cxx
Linking CXX executable cmTC_01ae1
/usr/bin/cmake -E cmake_link_script CMakeFiles/cmTC_01ae1.dir/link.txt --verbose=1
/usr/bin/c++  -pthread -fPIC  CMakeFiles/cmTC_01ae1.dir/src.cxx.o -o cmTC_01ae1 
gmake[1]: Leaving directory '/root/FunASR/runtime/websocket/build/CMakeFiles/CMakeTmp'


Source file was:

#include <cstdlib>
static void foo(void) __attribute__ ((unused));
int main(void) { return 0; }

Performing C++ SOURCE FILE Test HAVE___ATTRIBUTE__VISIBILITY_DEFAULT succeeded with the following output:
Change Dir: /root/FunASR/runtime/websocket/build/CMakeFiles/CMakeTmp

Run Build Command(s):/usr/bin/gmake -f Makefile cmTC_7b188/fast && /usr/bin/gmake  -f CMakeFiles/cmTC_7b188.dir/build.make CMakeFiles/cmTC_7b188.dir/build
gmake[1]: Entering directory '/root/FunASR/runtime/websocket/build/CMakeFiles/CMakeTmp'
Building CXX object CMakeFiles/cmTC_7b188.dir/src.cxx.o
/usr/bin/c++ -DHAVE___ATTRIBUTE__VISIBILITY_DEFAULT  -pthread -fPIC  -fPIE -std=gnu++14 -o CMakeFiles/cmTC_7b188.dir/src.cxx.o -c /root/FunASR/runtime/websocket/build/CMakeFiles/CMakeTmp/src.cxx
/root/FunASR/runtime/websocket/build/CMakeFiles/CMakeTmp/src.cxx:3:61: warning: visibility attribute ignored [-Wattributes]
    3 | static void foo(void) __attribute__ ((visibility("default")));
      |                                                             ^
Linking CXX executable cmTC_7b188
/usr/bin/cmake -E cmake_link_script CMakeFiles/cmTC_7b188.dir/link.txt --verbose=1
/usr/bin/c++  -pthread -fPIC  CMakeFiles/cmTC_7b188.dir/src.cxx.o -o cmTC_7b188 
gmake[1]: Leaving directory '/root/FunASR/runtime/websocket/build/CMakeFiles/CMakeTmp'


Source file was:

#include <cstdlib>
static void foo(void) __attribute__ ((visibility("default")));
int main(void) { return 0; }

Performing C++ SOURCE FILE Test HAVE___ATTRIBUTE__VISIBILITY_HIDDEN succeeded with the following output:
Change Dir: /root/FunASR/runtime/websocket/build/CMakeFiles/CMakeTmp

Run Build Command(s):/usr/bin/gmake -f Makefile cmTC_2e781/fast && /usr/bin/gmake  -f CMakeFiles/cmTC_2e781.dir/build.make CMakeFiles/cmTC_2e781.dir/build
gmake[1]: Entering directory '/root/FunASR/runtime/websocket/build/CMakeFiles/CMakeTmp'
Building CXX object CMakeFiles/cmTC_2e781.dir/src.cxx.o
/usr/bin/c++ -DHAVE___ATTRIBUTE__VISIBILITY_HIDDEN  -pthread -fPIC  -fPIE -std=gnu++14 -o CMakeFiles/cmTC_2e781.dir/src.cxx.o -c /root/FunASR/runtime/websocket/build/CMakeFiles/CMakeTmp/src.cxx
/root/FunASR/runtime/websocket/build/CMakeFiles/CMakeTmp/src.cxx:3:60: warning: visibility attribute ignored [-Wattributes]
    3 | static void foo(void) __attribute__ ((visibility("hidden")));
      |                                                            ^
Linking CXX executable cmTC_2e781
/usr/bin/cmake -E cmake_link_script CMakeFiles/cmTC_2e781.dir/link.txt --verbose=1
/usr/bin/c++  -pthread -fPIC  CMakeFiles/cmTC_2e781.dir/src.cxx.o -o cmTC_2e781 
gmake[1]: Leaving directory '/root/FunASR/runtime/websocket/build/CMakeFiles/CMakeTmp'


Source file was:

#include <cstdlib>
static void foo(void) __attribute__ ((visibility("hidden")));
int main(void) { return 0; }

Performing C++ SOURCE FILE Test HAVE___BUILTIN_EXPECT succeeded with the following output:
Change Dir: /root/FunASR/runtime/websocket/build/CMakeFiles/CMakeTmp

Run Build Command(s):/usr/bin/gmake -f Makefile cmTC_11e4e/fast && /usr/bin/gmake  -f CMakeFiles/cmTC_11e4e.dir/build.make CMakeFiles/cmTC_11e4e.dir/build
gmake[1]: Entering directory '/root/FunASR/runtime/websocket/build/CMakeFiles/CMakeTmp'
Building CXX object CMakeFiles/cmTC_11e4e.dir/src.cxx.o
/usr/bin/c++ -DHAVE___BUILTIN_EXPECT  -pthread -fPIC  -fPIE -std=gnu++14 -o CMakeFiles/cmTC_11e4e.dir/src.cxx.o -c /root/FunASR/runtime/websocket/build/CMakeFiles/CMakeTmp/src.cxx
Linking CXX executable cmTC_11e4e
/usr/bin/cmake -E cmake_link_script CMakeFiles/cmTC_11e4e.dir/link.txt --verbose=1
/usr/bin/c++  -pthread -fPIC  CMakeFiles/cmTC_11e4e.dir/src.cxx.o -o cmTC_11e4e 
gmake[1]: Leaving directory '/root/FunASR/runtime/websocket/build/CMakeFiles/CMakeTmp'


Source file was:

int main(void) { if (__builtin_expect(0, 0)) return 1; return 0; }

Performing C++ SOURCE FILE Test HAVE___SYNC_VAL_COMPARE_AND_SWAP succeeded with the following output:
Change Dir: /root/FunASR/runtime/websocket/build/CMakeFiles/CMakeTmp

Run Build Command(s):/usr/bin/gmake -f Makefile cmTC_7ea44/fast && /usr/bin/gmake  -f CMakeFiles/cmTC_7ea44.dir/build.make CMakeFiles/cmTC_7ea44.dir/build
gmake[1]: Entering directory '/root/FunASR/runtime/websocket/build/CMakeFiles/CMakeTmp'
Building CXX object CMakeFiles/cmTC_7ea44.dir/src.cxx.o
/usr/bin/c++ -DHAVE___SYNC_VAL_COMPARE_AND_SWAP  -pthread -fPIC  -fPIE -std=gnu++14 -o CMakeFiles/cmTC_7ea44.dir/src.cxx.o -c /root/FunASR/runtime/websocket/build/CMakeFiles/CMakeTmp/src.cxx
Linking CXX executable cmTC_7ea44
/usr/bin/cmake -E cmake_link_script CMakeFiles/cmTC_7ea44.dir/link.txt --verbose=1
/usr/bin/c++  -pthread -fPIC  CMakeFiles/cmTC_7ea44.dir/src.cxx.o -o cmTC_7ea44 
gmake[1]: Leaving directory '/root/FunASR/runtime/websocket/build/CMakeFiles/CMakeTmp'


Source file was:

int main(void)
{
  int a; if (__sync_val_compare_and_swap(&a, 0, 1)) return 1; return 0;
}

Performing C++ SOURCE FILE Test HAVE_RWLOCK succeeded with the following output:
Change Dir: /root/FunASR/runtime/websocket/build/CMakeFiles/CMakeTmp

Run Build Command(s):/usr/bin/gmake -f Makefile cmTC_f0f1e/fast && /usr/bin/gmake  -f CMakeFiles/cmTC_f0f1e.dir/build.make CMakeFiles/cmTC_f0f1e.dir/build
gmake[1]: Entering directory '/root/FunASR/runtime/websocket/build/CMakeFiles/CMakeTmp'
Building CXX object CMakeFiles/cmTC_f0f1e.dir/src.cxx.o
/usr/bin/c++ -DHAVE_RWLOCK  -pthread -fPIC  -fPIE -std=gnu++14 -o CMakeFiles/cmTC_f0f1e.dir/src.cxx.o -c /root/FunASR/runtime/websocket/build/CMakeFiles/CMakeTmp/src.cxx
Linking CXX executable cmTC_f0f1e
/usr/bin/cmake -E cmake_link_script CMakeFiles/cmTC_f0f1e.dir/link.txt --verbose=1
/usr/bin/c++  -pthread -fPIC  CMakeFiles/cmTC_f0f1e.dir/src.cxx.o -o cmTC_f0f1e 
gmake[1]: Leaving directory '/root/FunASR/runtime/websocket/build/CMakeFiles/CMakeTmp'


Source file was:

#define _XOPEN_SOURCE 500
#include <pthread.h>
int main(void)
{
  pthread_rwlock_t l;
  pthread_rwlock_init(&l, NULL);
  pthread_rwlock_rdlock(&l);
  return 0;
}
  
Performing C++ SOURCE FILE Test HAVE_SYMBOLIZE succeeded with the following output:
Change Dir: /root/FunASR/runtime/websocket/build/CMakeFiles/CMakeTmp

Run Build Command(s):/usr/bin/gmake -f Makefile cmTC_adc64/fast && /usr/bin/gmake  -f CMakeFiles/cmTC_adc64.dir/build.make CMakeFiles/cmTC_adc64.dir/build
gmake[1]: Entering directory '/root/FunASR/runtime/websocket/build/CMakeFiles/CMakeTmp'
Building CXX object CMakeFiles/cmTC_adc64.dir/src.cxx.o
/usr/bin/c++ -DHAVE_SYMBOLIZE  -pthread -fPIC  -fPIE -std=gnu++14 -o CMakeFiles/cmTC_adc64.dir/src.cxx.o -c /root/FunASR/runtime/websocket/build/CMakeFiles/CMakeTmp/src.cxx
Linking CXX executable cmTC_adc64
/usr/bin/cmake -E cmake_link_script CMakeFiles/cmTC_adc64.dir/link.txt --verbose=1
/usr/bin/c++  -pthread -fPIC  CMakeFiles/cmTC_adc64.dir/src.cxx.o -o cmTC_adc64 
gmake[1]: Leaving directory '/root/FunASR/runtime/websocket/build/CMakeFiles/CMakeTmp'


Source file was:
    int main()
    {
      #ifndef __ELF__
      #error __ELF__ not defined
      #endif
    }
    
Performing C++ SOURCE FILE Test HAVE_LOCALTIME_R succeeded with the following output:
Change Dir: /root/FunASR/runtime/websocket/build/CMakeFiles/CMakeTmp

Run Build Command(s):/usr/bin/gmake -f Makefile cmTC_5e0fc/fast && /usr/bin/gmake  -f CMakeFiles/cmTC_5e0fc.dir/build.make CMakeFiles/cmTC_5e0fc.dir/build
gmake[1]: Entering directory '/root/FunASR/runtime/websocket/build/CMakeFiles/CMakeTmp'
Building CXX object CMakeFiles/cmTC_5e0fc.dir/src.cxx.o
/usr/bin/c++ -DHAVE_LOCALTIME_R  -pthread -fPIC  -fPIE -std=gnu++14 -o CMakeFiles/cmTC_5e0fc.dir/src.cxx.o -c /root/FunASR/runtime/websocket/build/CMakeFiles/CMakeTmp/src.cxx
Linking CXX executable cmTC_5e0fc
/usr/bin/cmake -E cmake_link_script CMakeFiles/cmTC_5e0fc.dir/link.txt --verbose=1
/usr/bin/c++  -pthread -fPIC  CMakeFiles/cmTC_5e0fc.dir/src.cxx.o -o cmTC_5e0fc 
gmake[1]: Leaving directory '/root/FunASR/runtime/websocket/build/CMakeFiles/CMakeTmp'


Source file was:

#include <cstdlib>
#include <ctime>
int main()
{
    time_t timep;
    struct tm result;
    localtime_r(&timep, &result);
    return EXIT_SUCCESS;
}

Performing C++ SOURCE FILE Test COMPILER_HAS_HIDDEN_VISIBILITY succeeded with the following output:
Change Dir: /root/FunASR/runtime/websocket/build/CMakeFiles/CMakeTmp

Run Build Command(s):/usr/bin/gmake -f Makefile cmTC_0246c/fast && /usr/bin/gmake  -f CMakeFiles/cmTC_0246c.dir/build.make CMakeFiles/cmTC_0246c.dir/build
gmake[1]: Entering directory '/root/FunASR/runtime/websocket/build/CMakeFiles/CMakeTmp'
Building CXX object CMakeFiles/cmTC_0246c.dir/src.cxx.o
/usr/bin/c++ -DCOMPILER_HAS_HIDDEN_VISIBILITY  -pthread -fPIC  -fPIE   -fvisibility=hidden -std=gnu++14 -o CMakeFiles/cmTC_0246c.dir/src.cxx.o -c /root/FunASR/runtime/websocket/build/CMakeFiles/CMakeTmp/src.cxx
Linking CXX executable cmTC_0246c
/usr/bin/cmake -E cmake_link_script CMakeFiles/cmTC_0246c.dir/link.txt --verbose=1
/usr/bin/c++  -pthread -fPIC  CMakeFiles/cmTC_0246c.dir/src.cxx.o -o cmTC_0246c 
gmake[1]: Leaving directory '/root/FunASR/runtime/websocket/build/CMakeFiles/CMakeTmp'


Source file was:
int main() { return 0; }
Performing C++ SOURCE FILE Test COMPILER_HAS_HIDDEN_INLINE_VISIBILITY succeeded with the following output:
Change Dir: /root/FunASR/runtime/websocket/build/CMakeFiles/CMakeTmp

Run Build Command(s):/usr/bin/gmake -f Makefile cmTC_91177/fast && /usr/bin/gmake  -f CMakeFiles/cmTC_91177.dir/build.make CMakeFiles/cmTC_91177.dir/build
gmake[1]: Entering directory '/root/FunASR/runtime/websocket/build/CMakeFiles/CMakeTmp'
Building CXX object CMakeFiles/cmTC_91177.dir/src.cxx.o
/usr/bin/c++ -DCOMPILER_HAS_HIDDEN_INLINE_VISIBILITY  -pthread -fPIC  -fPIE   -fvisibility-inlines-hidden -std=gnu++14 -o CMakeFiles/cmTC_91177.dir/src.cxx.o -c /root/FunASR/runtime/websocket/build/CMakeFiles/CMakeTmp/src.cxx
Linking CXX executable cmTC_91177
/usr/bin/cmake -E cmake_link_script CMakeFiles/cmTC_91177.dir/link.txt --verbose=1
/usr/bin/c++  -pthread -fPIC  CMakeFiles/cmTC_91177.dir/src.cxx.o -o cmTC_91177 
gmake[1]: Leaving directory '/root/FunASR/runtime/websocket/build/CMakeFiles/CMakeTmp'


Source file was:
int main() { return 0; }
Performing C++ SOURCE FILE Test COMPILER_HAS_DEPRECATED_ATTR succeeded with the following output:
Change Dir: /root/FunASR/runtime/websocket/build/CMakeFiles/CMakeTmp

Run Build Command(s):/usr/bin/gmake -f Makefile cmTC_dbd7f/fast && /usr/bin/gmake  -f CMakeFiles/cmTC_dbd7f.dir/build.make CMakeFiles/cmTC_dbd7f.dir/build
gmake[1]: Entering directory '/root/FunASR/runtime/websocket/build/CMakeFiles/CMakeTmp'
Building CXX object CMakeFiles/cmTC_dbd7f.dir/src.cxx.o
/usr/bin/c++ -DCOMPILER_HAS_DEPRECATED_ATTR  -pthread -fPIC  -fPIE -std=gnu++14 -o CMakeFiles/cmTC_dbd7f.dir/src.cxx.o -c /root/FunASR/runtime/websocket/build/CMakeFiles/CMakeTmp/src.cxx
/root/FunASR/runtime/websocket/build/CMakeFiles/CMakeTmp/src.cxx: In function int main():
/root/FunASR/runtime/websocket/build/CMakeFiles/CMakeTmp/src.cxx:2:33: warning: int somefunc() is deprecated [-Wdeprecated-declarations]
    2 |     int main() { return somefunc();}
      |                         ~~~~~~~~^~
/root/FunASR/runtime/websocket/build/CMakeFiles/CMakeTmp/src.cxx:1:37: note: declared here
    1 | __attribute__((__deprecated__)) int somefunc() { return 0; }
      |                                     ^~~~~~~~
Linking CXX executable cmTC_dbd7f
/usr/bin/cmake -E cmake_link_script CMakeFiles/cmTC_dbd7f.dir/link.txt --verbose=1
/usr/bin/c++  -pthread -fPIC  CMakeFiles/cmTC_dbd7f.dir/src.cxx.o -o cmTC_dbd7f 
gmake[1]: Leaving directory '/root/FunASR/runtime/websocket/build/CMakeFiles/CMakeTmp'


Source file was:
__attribute__((__deprecated__)) int somefunc() { return 0; }
    int main() { return somefunc();}
Determining if the include file inttypes.h exists passed with the following output:
Change Dir: /root/FunASR/runtime/websocket/build/CMakeFiles/CMakeTmp

Run Build Command(s):/usr/bin/gmake -f Makefile cmTC_7e9f3/fast && /usr/bin/gmake  -f CMakeFiles/cmTC_7e9f3.dir/build.make CMakeFiles/cmTC_7e9f3.dir/build
gmake[1]: Entering directory '/root/FunASR/runtime/websocket/build/CMakeFiles/CMakeTmp'
Building CXX object CMakeFiles/cmTC_7e9f3.dir/CheckIncludeFile.cxx.o
/usr/bin/c++   -pthread -fPIC  -fPIE -o CMakeFiles/cmTC_7e9f3.dir/CheckIncludeFile.cxx.o -c /root/FunASR/runtime/websocket/build/CMakeFiles/CMakeTmp/CheckIncludeFile.cxx
Linking CXX executable cmTC_7e9f3
/usr/bin/cmake -E cmake_link_script CMakeFiles/cmTC_7e9f3.dir/link.txt --verbose=1
/usr/bin/c++  -pthread -fPIC  -rdynamic CMakeFiles/cmTC_7e9f3.dir/CheckIncludeFile.cxx.o -o cmTC_7e9f3 
gmake[1]: Leaving directory '/root/FunASR/runtime/websocket/build/CMakeFiles/CMakeTmp'



Determining if the include file fnmatch.h exists passed with the following output:
Change Dir: /root/FunASR/runtime/websocket/build/CMakeFiles/CMakeTmp

Run Build Command(s):/usr/bin/gmake -f Makefile cmTC_eac64/fast && /usr/bin/gmake  -f CMakeFiles/cmTC_eac64.dir/build.make CMakeFiles/cmTC_eac64.dir/build
gmake[1]: Entering directory '/root/FunASR/runtime/websocket/build/CMakeFiles/CMakeTmp'
Building CXX object CMakeFiles/cmTC_eac64.dir/CheckIncludeFile.cxx.o
/usr/bin/c++   -pthread -fPIC  -fPIE -o CMakeFiles/cmTC_eac64.dir/CheckIncludeFile.cxx.o -c /root/FunASR/runtime/websocket/build/CMakeFiles/CMakeTmp/CheckIncludeFile.cxx
Linking CXX executable cmTC_eac64
/usr/bin/cmake -E cmake_link_script CMakeFiles/cmTC_eac64.dir/link.txt --verbose=1
/usr/bin/c++  -pthread -fPIC  -rdynamic CMakeFiles/cmTC_eac64.dir/CheckIncludeFile.cxx.o -o cmTC_eac64 
gmake[1]: Leaving directory '/root/FunASR/runtime/websocket/build/CMakeFiles/CMakeTmp'



Determining size of uint32_t passed with the following output:
Change Dir: /root/FunASR/runtime/websocket/build/CMakeFiles/CMakeTmp

Run Build Command(s):/usr/bin/gmake -f Makefile cmTC_3ad25/fast && /usr/bin/gmake  -f CMakeFiles/cmTC_3ad25.dir/build.make CMakeFiles/cmTC_3ad25.dir/build
gmake[1]: Entering directory '/root/FunASR/runtime/websocket/build/CMakeFiles/CMakeTmp'
Building CXX object CMakeFiles/cmTC_3ad25.dir/uint32_t.cpp.o
/usr/bin/c++   -pthread -fPIC  -fPIE -o CMakeFiles/cmTC_3ad25.dir/uint32_t.cpp.o -c /root/FunASR/runtime/websocket/build/CMakeFiles/CheckTypeSize/uint32_t.cpp
Linking CXX executable cmTC_3ad25
/usr/bin/cmake -E cmake_link_script CMakeFiles/cmTC_3ad25.dir/link.txt --verbose=1
/usr/bin/c++  -pthread -fPIC  -rdynamic CMakeFiles/cmTC_3ad25.dir/uint32_t.cpp.o -o cmTC_3ad25 
gmake[1]: Leaving directory '/root/FunASR/runtime/websocket/build/CMakeFiles/CMakeTmp'



Determining if the strtoll exist passed with the following output:
Change Dir: /root/FunASR/runtime/websocket/build/CMakeFiles/CMakeTmp

Run Build Command(s):/usr/bin/gmake -f Makefile cmTC_83daa/fast && /usr/bin/gmake  -f CMakeFiles/cmTC_83daa.dir/build.make CMakeFiles/cmTC_83daa.dir/build
gmake[1]: Entering directory '/root/FunASR/runtime/websocket/build/CMakeFiles/CMakeTmp'
Building CXX object CMakeFiles/cmTC_83daa.dir/CheckSymbolExists.cxx.o
/usr/bin/c++   -pthread -fPIC  -fPIE -std=gnu++14 -o CMakeFiles/cmTC_83daa.dir/CheckSymbolExists.cxx.o -c /root/FunASR/runtime/websocket/build/CMakeFiles/CMakeTmp/CheckSymbolExists.cxx
Linking CXX executable cmTC_83daa
/usr/bin/cmake -E cmake_link_script CMakeFiles/cmTC_83daa.dir/link.txt --verbose=1
/usr/bin/c++  -pthread -fPIC  CMakeFiles/cmTC_83daa.dir/CheckSymbolExists.cxx.o -o cmTC_83daa 
gmake[1]: Leaving directory '/root/FunASR/runtime/websocket/build/CMakeFiles/CMakeTmp'


File /root/FunASR/runtime/websocket/build/CMakeFiles/CMakeTmp/CheckSymbolExists.cxx:
/* */
#include <stdlib.h>

int main(int argc, char** argv)
{
  (void)argv;
#ifndef strtoll
  return ((int*)(&strtoll))[argc];
#else
  (void)argc;
  return 0;
#endif
}
Performing C++ SOURCE FILE Test FLAG_WEXTRA succeeded with the following output:
Change Dir: /root/FunASR/runtime/websocket/build/CMakeFiles/CMakeTmp

Run Build Command(s):/usr/bin/gmake -f Makefile cmTC_79c0d/fast && /usr/bin/gmake  -f CMakeFiles/cmTC_79c0d.dir/build.make CMakeFiles/cmTC_79c0d.dir/build
gmake[1]: Entering directory '/root/FunASR/runtime/websocket/build/CMakeFiles/CMakeTmp'
Building CXX object CMakeFiles/cmTC_79c0d.dir/src.cxx.o
/usr/bin/c++ -DFLAG_WEXTRA  -pthread -fPIC  -fPIE   -Wextra -std=gnu++14 -o CMakeFiles/cmTC_79c0d.dir/src.cxx.o -c /root/FunASR/runtime/websocket/build/CMakeFiles/CMakeTmp/src.cxx
Linking CXX executable cmTC_79c0d
/usr/bin/cmake -E cmake_link_script CMakeFiles/cmTC_79c0d.dir/link.txt --verbose=1
/usr/bin/c++  -pthread -fPIC  CMakeFiles/cmTC_79c0d.dir/src.cxx.o -o cmTC_79c0d 
gmake[1]: Leaving directory '/root/FunASR/runtime/websocket/build/CMakeFiles/CMakeTmp'


Source file was:
int main() { return 0; }
